<?xml version="1.0" encoding="UTF-8"?>
<testsuite name="CinemaTests" tests="1" skipped="0" failures="0" errors="0" timestamp="2023-06-04T11:01:03" hostname="DESKTOP-ONB4EAO" time="0.37">
  <properties/>
  <testcase name="start" classname="CinemaTests" time="0.37"/>
  <system-out><![CDATA[?[1;31m
Start test 1?[0m
Cinema:
  1 2 3 4 5 6 7 8
1 S S S S S S S S
2 S S S S S S S S
3 S S S S S S S S
4 S S S S S S S S
5 S S S S S S S S
6 S S S S S S S S
7 S S S S S S S S
Enter the number of rows:
> 4
Enter the number of seats in each row:
> 5
Total income:
$200
?[1;31m
Start test 2?[0m
Cinema:
  1 2 3 4 5 6 7 8
1 S S S S S S S S
2 S S S S S S S S
3 S S S S S S S S
4 S S S S S S S S
5 S S S S S S S S
6 S S S S S S S S
7 S S S S S S S S
Enter the number of rows:
> 8
Enter the number of seats in each row:
> 9
Total income:
$648
Cinema:
  1 2 3 4 5 6 7 8
1 S S S S S S S S
2 S S S S S S S S
3 S S S S S S S S
4 S S S S S S S S
5 S S S S S S S S
6 S S S S S S S S
7 S S S S S S S S
Enter the number of rows:
> 9
Enter the number of seats in each row:
> 7
Total income:
$560
Cinema:
  1 2 3 4 5 6 7 8
1 S S S S S S S S
2 S S S S S S S S
3 S S S S S S S S
4 S S S S S S S S
5 S S S S S S S S
6 S S S S S S S S
7 S S S S S S S S
Enter the number of rows:
> 7
Enter the number of seats in each row:
> 9
Total income:
$558
Cinema:
  1 2 3 4 5 6 7 8
1 S S S S S S S S
2 S S S S S S S S
3 S S S S S S S S
4 S S S S S S S S
5 S S S S S S S S
6 S S S S S S S S
7 S S S S S S S S
Enter the number of rows:
> 1
Enter the number of seats in each row:
> 1
Total income:
$10
Cinema:
  1 2 3 4 5 6 7 8
1 S S S S S S S S
2 S S S S S S S S
3 S S S S S S S S
4 S S S S S S S S
5 S S S S S S S S
6 S S S S S S S S
7 S S S S S S S S
Enter the number of rows:
> 3
Enter the number of seats in each row:
> 3
Total income:
$90
Cinema:
  1 2 3 4 5 6 7 8
1 S S S S S S S S
2 S S S S S S S S
3 S S S S S S S S
4 S S S S S S S S
5 S S S S S S S S
6 S S S S S S S S
7 S S S S S S S S
Enter the number of rows:
> 8
Enter the number of seats in each row:
> 8
Total income:
$576
]]></system-out>
  <system-err><![CDATA[]]></system-err>
</testsuite>
