<?xml version="1.0" encoding="UTF-8"?>
<testsuite name="BullsCowsTest" tests="1" skipped="0" failures="0" errors="0" timestamp="2023-06-17T12:51:38" hostname="DESKTOP-ONB4EAO" time="4.302">
  <properties/>
  <testcase name="start" classname="BullsCowsTest" time="4.302"/>
  <system-out><![CDATA[?[1;31m
Start test 1?[0m
Input the length of the secret code:
> 1
Input the number of possible symbols in the code:
> 10
The secret is prepared: * (0-9, a-9).
Okay, let's start a game!
Turn 1:
> 0
Grade: 1 bull(s)
Congratulations! You guessed the secret code.
?[1;31m
Start test 2?[0m
Input the length of the secret code:
> 4
Input the number of possible symbols in the code:
> 10
The secret is prepared: **** (0-9, a-9).
Okay, let's start a game!
Turn 1:
> 0000
Grade: None
Turn 2:
> 1111
Grade: None
Turn 3:
> 2222
Grade: None
Turn 4:
> 3333
Grade: None
Turn 5:
> 4444
Grade: 1 bull(s) and 3 cow(s)
Turn 6:
> 5555
Grade: None
Turn 7:
> 6666
Grade: 1 bull(s) and 3 cow(s)
Turn 8:
> 7777
Grade: 1 bull(s) and 3 cow(s)
Turn 9:
> 8888
Grade: 1 bull(s) and 3 cow(s)
Turn 10:
> 4678
Grade: 4 cow(s)
Turn 11:
> 6478
Grade: 1 bull(s) and 3 cow(s)
Turn 12:
> 7468
Grade: 2 bull(s) and 2 cow(s)
Turn 13:
> 4768
Grade: 4 cow(s)
Turn 14:
> 6748
Grade: 4 cow(s)
Turn 15:
> 7648
Grade: 1 bull(s) and 3 cow(s)
Turn 16:
> 8647
Grade: 4 cow(s)
Turn 17:
> 6847
Grade: 4 cow(s)
Turn 18:
> 4867
Grade: 4 cow(s)
Turn 19:
> 8467
Grade: 1 bull(s) and 3 cow(s)
Turn 20:
> 6487
Grade: 2 bull(s) and 2 cow(s)
Turn 21:
> 4687
Grade: 1 bull(s) and 3 cow(s)
Turn 22:
> 4786
Grade: 2 bull(s) and 2 cow(s)
Turn 23:
> 7486
Grade: 4 bull(s)
Congratulations! You guessed the secret code.
?[1;31m
Start test 3?[0m
Input the length of the secret code:
> 6
Input the number of possible symbols in the code:
> 10
The secret is prepared: ****** (0-9, a-9).
Okay, let's start a game!
Turn 1:
> 000000
Grade: 1 bull(s) and 5 cow(s)
Turn 2:
> 111111
Grade: None
Turn 3:
> 222222
Grade: 1 bull(s) and 5 cow(s)
Turn 4:
> 333333
Grade: None
Turn 5:
> 444444
Grade: 1 bull(s) and 5 cow(s)
Turn 6:
> 555555
Grade: 1 bull(s) and 5 cow(s)
Turn 7:
> 666666
Grade: 1 bull(s) and 5 cow(s)
Turn 8:
> 777777
Grade: None
Turn 9:
> 888888
Grade: None
Turn 10:
> 999999
Grade: 1 bull(s) and 5 cow(s)
Turn 11:
> 024569
Grade: 1 bull(s) and 5 cow(s)
Turn 12:
> 204569
Grade: 1 bull(s) and 5 cow(s)
Turn 13:
> 402569
Grade: 6 cow(s)
Turn 14:
> 042569
Grade: 6 cow(s)
Turn 15:
> 240569
Grade: 6 cow(s)
Turn 16:
> 420569
Grade: 6 cow(s)
Turn 17:
> 520469
Grade: 1 bull(s) and 5 cow(s)
Turn 18:
> 250469
Grade: 6 cow(s)
Turn 19:
> 052469
Grade: 6 cow(s)
Turn 20:
> 502469
Grade: 1 bull(s) and 5 cow(s)
Turn 21:
> 205469
Grade: 6 cow(s)
Turn 22:
> 025469
Grade: 6 cow(s)
Turn 23:
> 045269
Grade: 6 cow(s)
Turn 24:
> 405269
Grade: 6 cow(s)
Turn 25:
> 504269
Grade: 2 bull(s) and 4 cow(s)
Turn 26:
> 054269
Grade: 1 bull(s) and 5 cow(s)
Turn 27:
> 450269
Grade: 6 cow(s)
Turn 28:
> 540269
Grade: 1 bull(s) and 5 cow(s)
Turn 29:
> 542069
Grade: 1 bull(s) and 5 cow(s)
Turn 30:
> 452069
Grade: 6 cow(s)
Turn 31:
> 254069
Grade: 1 bull(s) and 5 cow(s)
Turn 32:
> 524069
Grade: 2 bull(s) and 4 cow(s)
Turn 33:
> 425069
Grade: 6 cow(s)
Turn 34:
> 245069
Grade: 6 cow(s)
Turn 35:
> 645029
Grade: 1 bull(s) and 5 cow(s)
Turn 36:
> 465029
Grade: 1 bull(s) and 5 cow(s)
Turn 37:
> 564029
Grade: 3 bull(s) and 3 cow(s)
Turn 38:
> 654029
Grade: 2 bull(s) and 4 cow(s)
Turn 39:
> 456029
Grade: 1 bull(s) and 5 cow(s)
Turn 40:
> 546029
Grade: 2 bull(s) and 4 cow(s)
Turn 41:
> 046529
Grade: 1 bull(s) and 5 cow(s)
Turn 42:
> 406529
Grade: 1 bull(s) and 5 cow(s)
Turn 43:
> 604529
Grade: 2 bull(s) and 4 cow(s)
Turn 44:
> 064529
Grade: 2 bull(s) and 4 cow(s)
Turn 45:
> 460529
Grade: 1 bull(s) and 5 cow(s)
Turn 46:
> 640529
Grade: 1 bull(s) and 5 cow(s)
Turn 47:
> 650429
Grade: 1 bull(s) and 5 cow(s)
Turn 48:
> 560429
Grade: 2 bull(s) and 4 cow(s)
Turn 49:
> 065429
Grade: 1 bull(s) and 5 cow(s)
Turn 50:
> 605429
Grade: 1 bull(s) and 5 cow(s)
Turn 51:
> 506429
Grade: 2 bull(s) and 4 cow(s)
Turn 52:
> 056429
Grade: 1 bull(s) and 5 cow(s)
Turn 53:
> 054629
Grade: 3 bull(s) and 3 cow(s)
Turn 54:
> 504629
Grade: 4 bull(s) and 2 cow(s)
Turn 55:
> 405629
Grade: 2 bull(s) and 4 cow(s)
Turn 56:
> 045629
Grade: 2 bull(s) and 4 cow(s)
Turn 57:
> 540629
Grade: 3 bull(s) and 3 cow(s)
Turn 58:
> 450629
Grade: 2 bull(s) and 4 cow(s)
Turn 59:
> 250649
Grade: 1 bull(s) and 5 cow(s)
Turn 60:
> 520649
Grade: 2 bull(s) and 4 cow(s)
Turn 61:
> 025649
Grade: 1 bull(s) and 5 cow(s)
Turn 62:
> 205649
Grade: 1 bull(s) and 5 cow(s)
Turn 63:
> 502649
Grade: 2 bull(s) and 4 cow(s)
Turn 64:
> 052649
Grade: 1 bull(s) and 5 cow(s)
Turn 65:
> 652049
Grade: 6 cow(s)
Turn 66:
> 562049
Grade: 1 bull(s) and 5 cow(s)
Turn 67:
> 265049
Grade: 6 cow(s)
Turn 68:
> 625049
Grade: 6 cow(s)
Turn 69:
> 526049
Grade: 1 bull(s) and 5 cow(s)
Turn 70:
> 256049
Grade: 6 cow(s)
Turn 71:
> 206549
Grade: 6 cow(s)
Turn 72:
> 026549
Grade: 6 cow(s)
Turn 73:
> 620549
Grade: 6 cow(s)
Turn 74:
> 260549
Grade: 6 cow(s)
Turn 75:
> 062549
Grade: 6 cow(s)
Turn 76:
> 602549
Grade: 6 cow(s)
Turn 77:
> 605249
Grade: 6 cow(s)
Turn 78:
> 065249
Grade: 6 cow(s)
Turn 79:
> 560249
Grade: 1 bull(s) and 5 cow(s)
Turn 80:
> 650249
Grade: 6 cow(s)
Turn 81:
> 056249
Grade: 6 cow(s)
Turn 82:
> 506249
Grade: 1 bull(s) and 5 cow(s)
Turn 83:
> 406259
Grade: 6 cow(s)
Turn 84:
> 046259
Grade: 6 cow(s)
Turn 85:
> 640259
Grade: 6 cow(s)
Turn 86:
> 460259
Grade: 6 cow(s)
Turn 87:
> 064259
Grade: 1 bull(s) and 5 cow(s)
Turn 88:
> 604259
Grade: 1 bull(s) and 5 cow(s)
Turn 89:
> 204659
Grade: 2 bull(s) and 4 cow(s)
Turn 90:
> 024659
Grade: 2 bull(s) and 4 cow(s)
Turn 91:
> 420659
Grade: 1 bull(s) and 5 cow(s)
Turn 92:
> 240659
Grade: 1 bull(s) and 5 cow(s)
Turn 93:
> 042659
Grade: 1 bull(s) and 5 cow(s)
Turn 94:
> 402659
Grade: 1 bull(s) and 5 cow(s)
Turn 95:
> 462059
Grade: 6 cow(s)
Turn 96:
> 642059
Grade: 6 cow(s)
Turn 97:
> 246059
Grade: 6 cow(s)
Turn 98:
> 426059
Grade: 6 cow(s)
Turn 99:
> 624059
Grade: 1 bull(s) and 5 cow(s)
Turn 100:
> 264059
Grade: 1 bull(s) and 5 cow(s)
Turn 101:
> 260459
Grade: 6 cow(s)
Turn 102:
> 620459
Grade: 6 cow(s)
Turn 103:
> 026459
Grade: 6 cow(s)
Turn 104:
> 206459
Grade: 6 cow(s)
Turn 105:
> 602459
Grade: 6 cow(s)
Turn 106:
> 062459
Grade: 6 cow(s)
Turn 107:
> 562409
Grade: 1 bull(s) and 5 cow(s)
Turn 108:
> 652409
Grade: 6 cow(s)
Turn 109:
> 256409
Grade: 6 cow(s)
Turn 110:
> 526409
Grade: 1 bull(s) and 5 cow(s)
Turn 111:
> 625409
Grade: 6 cow(s)
Turn 112:
> 265409
Grade: 6 cow(s)
Turn 113:
> 465209
Grade: 6 cow(s)
Turn 114:
> 645209
Grade: 6 cow(s)
Turn 115:
> 546209
Grade: 1 bull(s) and 5 cow(s)
Turn 116:
> 456209
Grade: 6 cow(s)
Turn 117:
> 654209
Grade: 1 bull(s) and 5 cow(s)
Turn 118:
> 564209
Grade: 2 bull(s) and 4 cow(s)
Turn 119:
> 524609
Grade: 3 bull(s) and 3 cow(s)
Turn 120:
> 254609
Grade: 2 bull(s) and 4 cow(s)
Turn 121:
> 452609
Grade: 1 bull(s) and 5 cow(s)
Turn 122:
> 542609
Grade: 2 bull(s) and 4 cow(s)
Turn 123:
> 245609
Grade: 1 bull(s) and 5 cow(s)
Turn 124:
> 425609
Grade: 1 bull(s) and 5 cow(s)
Turn 125:
> 426509
Grade: 6 cow(s)
Turn 126:
> 246509
Grade: 6 cow(s)
Turn 127:
> 642509
Grade: 6 cow(s)
Turn 128:
> 462509
Grade: 6 cow(s)
Turn 129:
> 264509
Grade: 1 bull(s) and 5 cow(s)
Turn 130:
> 624509
Grade: 1 bull(s) and 5 cow(s)
Turn 131:
> 924506
Grade: 1 bull(s) and 5 cow(s)
Turn 132:
> 294506
Grade: 2 bull(s) and 4 cow(s)
Turn 133:
> 492506
Grade: 1 bull(s) and 5 cow(s)
Turn 134:
> 942506
Grade: 6 cow(s)
Turn 135:
> 249506
Grade: 6 cow(s)
Turn 136:
> 429506
Grade: 6 cow(s)
Turn 137:
> 529406
Grade: 1 bull(s) and 5 cow(s)
Turn 138:
> 259406
Grade: 6 cow(s)
Turn 139:
> 952406
Grade: 6 cow(s)
Turn 140:
> 592406
Grade: 2 bull(s) and 4 cow(s)
Turn 141:
> 295406
Grade: 1 bull(s) and 5 cow(s)
Turn 142:
> 925406
Grade: 6 cow(s)
Turn 143:
> 945206
Grade: 6 cow(s)
Turn 144:
> 495206
Grade: 1 bull(s) and 5 cow(s)
Turn 145:
> 594206
Grade: 3 bull(s) and 3 cow(s)
Turn 146:
> 954206
Grade: 1 bull(s) and 5 cow(s)
Turn 147:
> 459206
Grade: 6 cow(s)
Turn 148:
> 549206
Grade: 1 bull(s) and 5 cow(s)
Turn 149:
> 542906
Grade: 1 bull(s) and 5 cow(s)
Turn 150:
> 452906
Grade: 6 cow(s)
Turn 151:
> 254906
Grade: 1 bull(s) and 5 cow(s)
Turn 152:
> 524906
Grade: 2 bull(s) and 4 cow(s)
Turn 153:
> 425906
Grade: 6 cow(s)
Turn 154:
> 245906
Grade: 6 cow(s)
Turn 155:
> 045926
Grade: 1 bull(s) and 5 cow(s)
Turn 156:
> 405926
Grade: 1 bull(s) and 5 cow(s)
Turn 157:
> 504926
Grade: 3 bull(s) and 3 cow(s)
Turn 158:
> 054926
Grade: 2 bull(s) and 4 cow(s)
Turn 159:
> 450926
Grade: 1 bull(s) and 5 cow(s)
Turn 160:
> 540926
Grade: 2 bull(s) and 4 cow(s)
Turn 161:
> 940526
Grade: 1 bull(s) and 5 cow(s)
Turn 162:
> 490526
Grade: 2 bull(s) and 4 cow(s)
Turn 163:
> 094526
Grade: 3 bull(s) and 3 cow(s)
Turn 164:
> 904526
Grade: 2 bull(s) and 4 cow(s)
Turn 165:
> 409526
Grade: 1 bull(s) and 5 cow(s)
Turn 166:
> 049526
Grade: 1 bull(s) and 5 cow(s)
Turn 167:
> 059426
Grade: 1 bull(s) and 5 cow(s)
Turn 168:
> 509426
Grade: 2 bull(s) and 4 cow(s)
Turn 169:
> 905426
Grade: 1 bull(s) and 5 cow(s)
Turn 170:
> 095426
Grade: 2 bull(s) and 4 cow(s)
Turn 171:
> 590426
Grade: 3 bull(s) and 3 cow(s)
Turn 172:
> 950426
Grade: 1 bull(s) and 5 cow(s)
Turn 173:
> 954026
Grade: 2 bull(s) and 4 cow(s)
Turn 174:
> 594026
Grade: 4 bull(s) and 2 cow(s)
Turn 175:
> 495026
Grade: 2 bull(s) and 4 cow(s)
Turn 176:
> 945026
Grade: 1 bull(s) and 5 cow(s)
Turn 177:
> 549026
Grade: 2 bull(s) and 4 cow(s)
Turn 178:
> 459026
Grade: 1 bull(s) and 5 cow(s)
Turn 179:
> 259046
Grade: 6 cow(s)
Turn 180:
> 529046
Grade: 1 bull(s) and 5 cow(s)
Turn 181:
> 925046
Grade: 6 cow(s)
Turn 182:
> 295046
Grade: 1 bull(s) and 5 cow(s)
Turn 183:
> 592046
Grade: 2 bull(s) and 4 cow(s)
Turn 184:
> 952046
Grade: 6 cow(s)
Turn 185:
> 052946
Grade: 6 cow(s)
Turn 186:
> 502946
Grade: 1 bull(s) and 5 cow(s)
Turn 187:
> 205946
Grade: 6 cow(s)
Turn 188:
> 025946
Grade: 6 cow(s)
Turn 189:
> 520946
Grade: 1 bull(s) and 5 cow(s)
Turn 190:
> 250946
Grade: 6 cow(s)
Turn 191:
> 290546
Grade: 1 bull(s) and 5 cow(s)
Turn 192:
> 920546
Grade: 6 cow(s)
Turn 193:
> 029546
Grade: 6 cow(s)
Turn 194:
> 209546
Grade: 6 cow(s)
Turn 195:
> 902546
Grade: 6 cow(s)
Turn 196:
> 092546
Grade: 1 bull(s) and 5 cow(s)
Turn 197:
> 095246
Grade: 1 bull(s) and 5 cow(s)
Turn 198:
> 905246
Grade: 6 cow(s)
Turn 199:
> 509246
Grade: 1 bull(s) and 5 cow(s)
Turn 200:
> 059246
Grade: 6 cow(s)
Turn 201:
> 950246
Grade: 6 cow(s)
Turn 202:
> 590246
Grade: 2 bull(s) and 4 cow(s)
Turn 203:
> 490256
Grade: 1 bull(s) and 5 cow(s)
Turn 204:
> 940256
Grade: 6 cow(s)
Turn 205:
> 049256
Grade: 6 cow(s)
Turn 206:
> 409256
Grade: 6 cow(s)
Turn 207:
> 904256
Grade: 1 bull(s) and 5 cow(s)
Turn 208:
> 094256
Grade: 2 bull(s) and 4 cow(s)
Turn 209:
> 294056
Grade: 2 bull(s) and 4 cow(s)
Turn 210:
> 924056
Grade: 1 bull(s) and 5 cow(s)
Turn 211:
> 429056
Grade: 6 cow(s)
Turn 212:
> 249056
Grade: 6 cow(s)
Turn 213:
> 942056
Grade: 6 cow(s)
Turn 214:
> 492056
Grade: 1 bull(s) and 5 cow(s)
Turn 215:
> 402956
Grade: 6 cow(s)
Turn 216:
> 042956
Grade: 6 cow(s)
Turn 217:
> 240956
Grade: 6 cow(s)
Turn 218:
> 420956
Grade: 6 cow(s)
Turn 219:
> 024956
Grade: 1 bull(s) and 5 cow(s)
Turn 220:
> 204956
Grade: 1 bull(s) and 5 cow(s)
Turn 221:
> 209456
Grade: 6 cow(s)
Turn 222:
> 029456
Grade: 6 cow(s)
Turn 223:
> 920456
Grade: 6 cow(s)
Turn 224:
> 290456
Grade: 1 bull(s) and 5 cow(s)
Turn 225:
> 092456
Grade: 1 bull(s) and 5 cow(s)
Turn 226:
> 902456
Grade: 6 cow(s)
Turn 227:
> 502496
Grade: 1 bull(s) and 5 cow(s)
Turn 228:
> 052496
Grade: 6 cow(s)
Turn 229:
> 250496
Grade: 6 cow(s)
Turn 230:
> 520496
Grade: 1 bull(s) and 5 cow(s)
Turn 231:
> 025496
Grade: 6 cow(s)
Turn 232:
> 205496
Grade: 6 cow(s)
Turn 233:
> 405296
Grade: 6 cow(s)
Turn 234:
> 045296
Grade: 6 cow(s)
Turn 235:
> 540296
Grade: 1 bull(s) and 5 cow(s)
Turn 236:
> 450296
Grade: 6 cow(s)
Turn 237:
> 054296
Grade: 1 bull(s) and 5 cow(s)
Turn 238:
> 504296
Grade: 2 bull(s) and 4 cow(s)
Turn 239:
> 524096
Grade: 2 bull(s) and 4 cow(s)
Turn 240:
> 254096
Grade: 1 bull(s) and 5 cow(s)
Turn 241:
> 452096
Grade: 6 cow(s)
Turn 242:
> 542096
Grade: 1 bull(s) and 5 cow(s)
Turn 243:
> 245096
Grade: 6 cow(s)
Turn 244:
> 425096
Grade: 6 cow(s)
Turn 245:
> 420596
Grade: 6 cow(s)
Turn 246:
> 240596
Grade: 6 cow(s)
Turn 247:
> 042596
Grade: 6 cow(s)
Turn 248:
> 402596
Grade: 6 cow(s)
Turn 249:
> 204596
Grade: 1 bull(s) and 5 cow(s)
Turn 250:
> 024596
Grade: 1 bull(s) and 5 cow(s)
Turn 251:
> 064592
Grade: 1 bull(s) and 5 cow(s)
Turn 252:
> 604592
Grade: 1 bull(s) and 5 cow(s)
Turn 253:
> 406592
Grade: 6 cow(s)
Turn 254:
> 046592
Grade: 6 cow(s)
Turn 255:
> 640592
Grade: 6 cow(s)
Turn 256:
> 460592
Grade: 6 cow(s)
Turn 257:
> 560492
Grade: 1 bull(s) and 5 cow(s)
Turn 258:
> 650492
Grade: 6 cow(s)
Turn 259:
> 056492
Grade: 6 cow(s)
Turn 260:
> 506492
Grade: 1 bull(s) and 5 cow(s)
Turn 261:
> 605492
Grade: 6 cow(s)
Turn 262:
> 065492
Grade: 6 cow(s)
Turn 263:
> 045692
Grade: 1 bull(s) and 5 cow(s)
Turn 264:
> 405692
Grade: 1 bull(s) and 5 cow(s)
Turn 265:
> 504692
Grade: 3 bull(s) and 3 cow(s)
Turn 266:
> 054692
Grade: 2 bull(s) and 4 cow(s)
Turn 267:
> 450692
Grade: 1 bull(s) and 5 cow(s)
Turn 268:
> 540692
Grade: 2 bull(s) and 4 cow(s)
Turn 269:
> 546092
Grade: 1 bull(s) and 5 cow(s)
Turn 270:
> 456092
Grade: 6 cow(s)
Turn 271:
> 654092
Grade: 1 bull(s) and 5 cow(s)
Turn 272:
> 564092
Grade: 2 bull(s) and 4 cow(s)
Turn 273:
> 465092
Grade: 6 cow(s)
Turn 274:
> 645092
Grade: 6 cow(s)
Turn 275:
> 945062
Grade: 6 cow(s)
Turn 276:
> 495062
Grade: 1 bull(s) and 5 cow(s)
Turn 277:
> 594062
Grade: 3 bull(s) and 3 cow(s)
Turn 278:
> 954062
Grade: 1 bull(s) and 5 cow(s)
Turn 279:
> 459062
Grade: 6 cow(s)
Turn 280:
> 549062
Grade: 1 bull(s) and 5 cow(s)
Turn 281:
> 049562
Grade: 6 cow(s)
Turn 282:
> 409562
Grade: 6 cow(s)
Turn 283:
> 904562
Grade: 1 bull(s) and 5 cow(s)
Turn 284:
> 094562
Grade: 2 bull(s) and 4 cow(s)
Turn 285:
> 490562
Grade: 1 bull(s) and 5 cow(s)
Turn 286:
> 940562
Grade: 6 cow(s)
Turn 287:
> 950462
Grade: 6 cow(s)
Turn 288:
> 590462
Grade: 2 bull(s) and 4 cow(s)
Turn 289:
> 095462
Grade: 1 bull(s) and 5 cow(s)
Turn 290:
> 905462
Grade: 6 cow(s)
Turn 291:
> 509462
Grade: 1 bull(s) and 5 cow(s)
Turn 292:
> 059462
Grade: 6 cow(s)
Turn 293:
> 054962
Grade: 1 bull(s) and 5 cow(s)
Turn 294:
> 504962
Grade: 2 bull(s) and 4 cow(s)
Turn 295:
> 405962
Grade: 6 cow(s)
Turn 296:
> 045962
Grade: 6 cow(s)
Turn 297:
> 540962
Grade: 1 bull(s) and 5 cow(s)
Turn 298:
> 450962
Grade: 6 cow(s)
Turn 299:
> 650942
Grade: 6 cow(s)
Turn 300:
> 560942
Grade: 1 bull(s) and 5 cow(s)
Turn 301:
> 065942
Grade: 6 cow(s)
Turn 302:
> 605942
Grade: 6 cow(s)
Turn 303:
> 506942
Grade: 1 bull(s) and 5 cow(s)
Turn 304:
> 056942
Grade: 6 cow(s)
Turn 305:
> 956042
Grade: 6 cow(s)
Turn 306:
> 596042
Grade: 2 bull(s) and 4 cow(s)
Turn 307:
> 695042
Grade: 1 bull(s) and 5 cow(s)
Turn 308:
> 965042
Grade: 6 cow(s)
Turn 309:
> 569042
Grade: 1 bull(s) and 5 cow(s)
Turn 310:
> 659042
Grade: 6 cow(s)
Turn 311:
> 609542
Grade: 6 cow(s)
Turn 312:
> 069542
Grade: 6 cow(s)
Turn 313:
> 960542
Grade: 6 cow(s)
Turn 314:
> 690542
Grade: 1 bull(s) and 5 cow(s)
Turn 315:
> 096542
Grade: 1 bull(s) and 5 cow(s)
Turn 316:
> 906542
Grade: 6 cow(s)
Turn 317:
> 905642
Grade: 1 bull(s) and 5 cow(s)
Turn 318:
> 095642
Grade: 2 bull(s) and 4 cow(s)
Turn 319:
> 590642
Grade: 3 bull(s) and 3 cow(s)
Turn 320:
> 950642
Grade: 1 bull(s) and 5 cow(s)
Turn 321:
> 059642
Grade: 1 bull(s) and 5 cow(s)
Turn 322:
> 509642
Grade: 2 bull(s) and 4 cow(s)
Turn 323:
> 409652
Grade: 1 bull(s) and 5 cow(s)
Turn 324:
> 049652
Grade: 1 bull(s) and 5 cow(s)
Turn 325:
> 940652
Grade: 1 bull(s) and 5 cow(s)
Turn 326:
> 490652
Grade: 2 bull(s) and 4 cow(s)
Turn 327:
> 094652
Grade: 3 bull(s) and 3 cow(s)
Turn 328:
> 904652
Grade: 2 bull(s) and 4 cow(s)
Turn 329:
> 604952
Grade: 1 bull(s) and 5 cow(s)
Turn 330:
> 064952
Grade: 1 bull(s) and 5 cow(s)
Turn 331:
> 460952
Grade: 6 cow(s)
Turn 332:
> 640952
Grade: 6 cow(s)
Turn 333:
> 046952
Grade: 6 cow(s)
Turn 334:
> 406952
Grade: 6 cow(s)
Turn 335:
> 496052
Grade: 1 bull(s) and 5 cow(s)
Turn 336:
> 946052
Grade: 6 cow(s)
Turn 337:
> 649052
Grade: 6 cow(s)
Turn 338:
> 469052
Grade: 6 cow(s)
Turn 339:
> 964052
Grade: 1 bull(s) and 5 cow(s)
Turn 340:
> 694052
Grade: 2 bull(s) and 4 cow(s)
Turn 341:
> 690452
Grade: 1 bull(s) and 5 cow(s)
Turn 342:
> 960452
Grade: 6 cow(s)
Turn 343:
> 069452
Grade: 6 cow(s)
Turn 344:
> 609452
Grade: 6 cow(s)
Turn 345:
> 906452
Grade: 6 cow(s)
Turn 346:
> 096452
Grade: 1 bull(s) and 5 cow(s)
Turn 347:
> 596402
Grade: 2 bull(s) and 4 cow(s)
Turn 348:
> 956402
Grade: 6 cow(s)
Turn 349:
> 659402
Grade: 6 cow(s)
Turn 350:
> 569402
Grade: 1 bull(s) and 5 cow(s)
Turn 351:
> 965402
Grade: 6 cow(s)
Turn 352:
> 695402
Grade: 1 bull(s) and 5 cow(s)
Turn 353:
> 495602
Grade: 2 bull(s) and 4 cow(s)
Turn 354:
> 945602
Grade: 1 bull(s) and 5 cow(s)
Turn 355:
> 549602
Grade: 2 bull(s) and 4 cow(s)
Turn 356:
> 459602
Grade: 1 bull(s) and 5 cow(s)
Turn 357:
> 954602
Grade: 2 bull(s) and 4 cow(s)
Turn 358:
> 594602
Grade: 4 bull(s) and 2 cow(s)
Turn 359:
> 564902
Grade: 2 bull(s) and 4 cow(s)
Turn 360:
> 654902
Grade: 1 bull(s) and 5 cow(s)
Turn 361:
> 456902
Grade: 6 cow(s)
Turn 362:
> 546902
Grade: 1 bull(s) and 5 cow(s)
Turn 363:
> 645902
Grade: 6 cow(s)
Turn 364:
> 465902
Grade: 6 cow(s)
Turn 365:
> 469502
Grade: 6 cow(s)
Turn 366:
> 649502
Grade: 6 cow(s)
Turn 367:
> 946502
Grade: 6 cow(s)
Turn 368:
> 496502
Grade: 1 bull(s) and 5 cow(s)
Turn 369:
> 694502
Grade: 2 bull(s) and 4 cow(s)
Turn 370:
> 964502
Grade: 1 bull(s) and 5 cow(s)
Turn 371:
> 962504
Grade: 6 cow(s)
Turn 372:
> 692504
Grade: 1 bull(s) and 5 cow(s)
Turn 373:
> 296504
Grade: 1 bull(s) and 5 cow(s)
Turn 374:
> 926504
Grade: 6 cow(s)
Turn 375:
> 629504
Grade: 6 cow(s)
Turn 376:
> 269504
Grade: 6 cow(s)
Turn 377:
> 569204
Grade: 1 bull(s) and 5 cow(s)
Turn 378:
> 659204
Grade: 6 cow(s)
Turn 379:
> 956204
Grade: 6 cow(s)
Turn 380:
> 596204
Grade: 2 bull(s) and 4 cow(s)
Turn 381:
> 695204
Grade: 1 bull(s) and 5 cow(s)
Turn 382:
> 965204
Grade: 6 cow(s)
Turn 383:
> 925604
Grade: 1 bull(s) and 5 cow(s)
Turn 384:
> 295604
Grade: 2 bull(s) and 4 cow(s)
Turn 385:
> 592604
Grade: 3 bull(s) and 3 cow(s)
Turn 386:
> 952604
Grade: 1 bull(s) and 5 cow(s)
Turn 387:
> 259604
Grade: 1 bull(s) and 5 cow(s)
Turn 388:
> 529604
Grade: 2 bull(s) and 4 cow(s)
Turn 389:
> 526904
Grade: 1 bull(s) and 5 cow(s)
Turn 390:
> 256904
Grade: 6 cow(s)
Turn 391:
> 652904
Grade: 6 cow(s)
Turn 392:
> 562904
Grade: 1 bull(s) and 5 cow(s)
Turn 393:
> 265904
Grade: 6 cow(s)
Turn 394:
> 625904
Grade: 6 cow(s)
Turn 395:
> 025964
Grade: 6 cow(s)
Turn 396:
> 205964
Grade: 6 cow(s)
Turn 397:
> 502964
Grade: 1 bull(s) and 5 cow(s)
Turn 398:
> 052964
Grade: 6 cow(s)
Turn 399:
> 250964
Grade: 6 cow(s)
Turn 400:
> 520964
Grade: 1 bull(s) and 5 cow(s)
Turn 401:
> 920564
Grade: 6 cow(s)
Turn 402:
> 290564
Grade: 1 bull(s) and 5 cow(s)
Turn 403:
> 092564
Grade: 1 bull(s) and 5 cow(s)
Turn 404:
> 902564
Grade: 6 cow(s)
Turn 405:
> 209564
Grade: 6 cow(s)
Turn 406:
> 029564
Grade: 6 cow(s)
Turn 407:
> 059264
Grade: 6 cow(s)
Turn 408:
> 509264
Grade: 1 bull(s) and 5 cow(s)
Turn 409:
> 905264
Grade: 6 cow(s)
Turn 410:
> 095264
Grade: 1 bull(s) and 5 cow(s)
Turn 411:
> 590264
Grade: 2 bull(s) and 4 cow(s)
Turn 412:
> 950264
Grade: 6 cow(s)
Turn 413:
> 952064
Grade: 6 cow(s)
Turn 414:
> 592064
Grade: 2 bull(s) and 4 cow(s)
Turn 415:
> 295064
Grade: 1 bull(s) and 5 cow(s)
Turn 416:
> 925064
Grade: 6 cow(s)
Turn 417:
> 529064
Grade: 1 bull(s) and 5 cow(s)
Turn 418:
> 259064
Grade: 6 cow(s)
Turn 419:
> 659024
Grade: 1 bull(s) and 5 cow(s)
Turn 420:
> 569024
Grade: 2 bull(s) and 4 cow(s)
Turn 421:
> 965024
Grade: 1 bull(s) and 5 cow(s)
Turn 422:
> 695024
Grade: 2 bull(s) and 4 cow(s)
Turn 423:
> 596024
Grade: 3 bull(s) and 3 cow(s)
Turn 424:
> 956024
Grade: 1 bull(s) and 5 cow(s)
Turn 425:
> 056924
Grade: 1 bull(s) and 5 cow(s)
Turn 426:
> 506924
Grade: 2 bull(s) and 4 cow(s)
Turn 427:
> 605924
Grade: 1 bull(s) and 5 cow(s)
Turn 428:
> 065924
Grade: 1 bull(s) and 5 cow(s)
Turn 429:
> 560924
Grade: 2 bull(s) and 4 cow(s)
Turn 430:
> 650924
Grade: 1 bull(s) and 5 cow(s)
Turn 431:
> 690524
Grade: 2 bull(s) and 4 cow(s)
Turn 432:
> 960524
Grade: 1 bull(s) and 5 cow(s)
Turn 433:
> 069524
Grade: 1 bull(s) and 5 cow(s)
Turn 434:
> 609524
Grade: 1 bull(s) and 5 cow(s)
Turn 435:
> 906524
Grade: 1 bull(s) and 5 cow(s)
Turn 436:
> 096524
Grade: 2 bull(s) and 4 cow(s)
Turn 437:
> 095624
Grade: 3 bull(s) and 3 cow(s)
Turn 438:
> 905624
Grade: 2 bull(s) and 4 cow(s)
Turn 439:
> 509624
Grade: 3 bull(s) and 3 cow(s)
Turn 440:
> 059624
Grade: 2 bull(s) and 4 cow(s)
Turn 441:
> 950624
Grade: 2 bull(s) and 4 cow(s)
Turn 442:
> 590624
Grade: 4 bull(s) and 2 cow(s)
Turn 443:
> 290654
Grade: 2 bull(s) and 4 cow(s)
Turn 444:
> 920654
Grade: 1 bull(s) and 5 cow(s)
Turn 445:
> 029654
Grade: 1 bull(s) and 5 cow(s)
Turn 446:
> 209654
Grade: 1 bull(s) and 5 cow(s)
Turn 447:
> 902654
Grade: 1 bull(s) and 5 cow(s)
Turn 448:
> 092654
Grade: 2 bull(s) and 4 cow(s)
Turn 449:
> 692054
Grade: 1 bull(s) and 5 cow(s)
Turn 450:
> 962054
Grade: 6 cow(s)
Turn 451:
> 269054
Grade: 6 cow(s)
Turn 452:
> 629054
Grade: 6 cow(s)
Turn 453:
> 926054
Grade: 6 cow(s)
Turn 454:
> 296054
Grade: 1 bull(s) and 5 cow(s)
Turn 455:
> 206954
Grade: 6 cow(s)
Turn 456:
> 026954
Grade: 6 cow(s)
Turn 457:
> 620954
Grade: 6 cow(s)
Turn 458:
> 260954
Grade: 6 cow(s)
Turn 459:
> 062954
Grade: 6 cow(s)
Turn 460:
> 602954
Grade: 6 cow(s)
Turn 461:
> 609254
Grade: 6 cow(s)
Turn 462:
> 069254
Grade: 6 cow(s)
Turn 463:
> 960254
Grade: 6 cow(s)
Turn 464:
> 690254
Grade: 1 bull(s) and 5 cow(s)
Turn 465:
> 096254
Grade: 1 bull(s) and 5 cow(s)
Turn 466:
> 906254
Grade: 6 cow(s)
Turn 467:
> 506294
Grade: 1 bull(s) and 5 cow(s)
Turn 468:
> 056294
Grade: 6 cow(s)
Turn 469:
> 650294
Grade: 6 cow(s)
Turn 470:
> 560294
Grade: 1 bull(s) and 5 cow(s)
Turn 471:
> 065294
Grade: 6 cow(s)
Turn 472:
> 605294
Grade: 6 cow(s)
Turn 473:
> 205694
Grade: 1 bull(s) and 5 cow(s)
Turn 474:
> 025694
Grade: 1 bull(s) and 5 cow(s)
Turn 475:
> 520694
Grade: 2 bull(s) and 4 cow(s)
Turn 476:
> 250694
Grade: 1 bull(s) and 5 cow(s)
Turn 477:
> 052694
Grade: 1 bull(s) and 5 cow(s)
Turn 478:
> 502694
Grade: 2 bull(s) and 4 cow(s)
Turn 479:
> 562094
Grade: 1 bull(s) and 5 cow(s)
Turn 480:
> 652094
Grade: 6 cow(s)
Turn 481:
> 256094
Grade: 6 cow(s)
Turn 482:
> 526094
Grade: 1 bull(s) and 5 cow(s)
Turn 483:
> 625094
Grade: 6 cow(s)
Turn 484:
> 265094
Grade: 6 cow(s)
Turn 485:
> 260594
Grade: 6 cow(s)
Turn 486:
> 620594
Grade: 6 cow(s)
Turn 487:
> 026594
Grade: 6 cow(s)
Turn 488:
> 206594
Grade: 6 cow(s)
Turn 489:
> 602594
Grade: 6 cow(s)
Turn 490:
> 062594
Grade: 6 cow(s)
Turn 491:
> 062495
Grade: 6 cow(s)
Turn 492:
> 602495
Grade: 6 cow(s)
Turn 493:
> 206495
Grade: 6 cow(s)
Turn 494:
> 026495
Grade: 6 cow(s)
Turn 495:
> 620495
Grade: 6 cow(s)
Turn 496:
> 260495
Grade: 6 cow(s)
Turn 497:
> 460295
Grade: 6 cow(s)
Turn 498:
> 640295
Grade: 6 cow(s)
Turn 499:
> 046295
Grade: 6 cow(s)
Turn 500:
> 406295
Grade: 6 cow(s)
Turn 501:
> 604295
Grade: 1 bull(s) and 5 cow(s)
Turn 502:
> 064295
Grade: 1 bull(s) and 5 cow(s)
Turn 503:
> 024695
Grade: 2 bull(s) and 4 cow(s)
Turn 504:
> 204695
Grade: 2 bull(s) and 4 cow(s)
Turn 505:
> 402695
Grade: 1 bull(s) and 5 cow(s)
Turn 506:
> 042695
Grade: 1 bull(s) and 5 cow(s)
Turn 507:
> 240695
Grade: 1 bull(s) and 5 cow(s)
Turn 508:
> 420695
Grade: 1 bull(s) and 5 cow(s)
Turn 509:
> 426095
Grade: 6 cow(s)
Turn 510:
> 246095
Grade: 6 cow(s)
Turn 511:
> 642095
Grade: 6 cow(s)
Turn 512:
> 462095
Grade: 6 cow(s)
Turn 513:
> 264095
Grade: 1 bull(s) and 5 cow(s)
Turn 514:
> 624095
Grade: 1 bull(s) and 5 cow(s)
Turn 515:
> 924065
Grade: 1 bull(s) and 5 cow(s)
Turn 516:
> 294065
Grade: 2 bull(s) and 4 cow(s)
Turn 517:
> 492065
Grade: 1 bull(s) and 5 cow(s)
Turn 518:
> 942065
Grade: 6 cow(s)
Turn 519:
> 249065
Grade: 6 cow(s)
Turn 520:
> 429065
Grade: 6 cow(s)
Turn 521:
> 029465
Grade: 6 cow(s)
Turn 522:
> 209465
Grade: 6 cow(s)
Turn 523:
> 902465
Grade: 6 cow(s)
Turn 524:
> 092465
Grade: 1 bull(s) and 5 cow(s)
Turn 525:
> 290465
Grade: 1 bull(s) and 5 cow(s)
Turn 526:
> 920465
Grade: 6 cow(s)
Turn 527:
> 940265
Grade: 6 cow(s)
Turn 528:
> 490265
Grade: 1 bull(s) and 5 cow(s)
Turn 529:
> 094265
Grade: 2 bull(s) and 4 cow(s)
Turn 530:
> 904265
Grade: 1 bull(s) and 5 cow(s)
Turn 531:
> 409265
Grade: 6 cow(s)
Turn 532:
> 049265
Grade: 6 cow(s)
Turn 533:
> 042965
Grade: 6 cow(s)
Turn 534:
> 402965
Grade: 6 cow(s)
Turn 535:
> 204965
Grade: 1 bull(s) and 5 cow(s)
Turn 536:
> 024965
Grade: 1 bull(s) and 5 cow(s)
Turn 537:
> 420965
Grade: 6 cow(s)
Turn 538:
> 240965
Grade: 6 cow(s)
Turn 539:
> 640925
Grade: 1 bull(s) and 5 cow(s)
Turn 540:
> 460925
Grade: 1 bull(s) and 5 cow(s)
Turn 541:
> 064925
Grade: 2 bull(s) and 4 cow(s)
Turn 542:
> 604925
Grade: 2 bull(s) and 4 cow(s)
Turn 543:
> 406925
Grade: 1 bull(s) and 5 cow(s)
Turn 544:
> 046925
Grade: 1 bull(s) and 5 cow(s)
Turn 545:
> 946025
Grade: 1 bull(s) and 5 cow(s)
Turn 546:
> 496025
Grade: 2 bull(s) and 4 cow(s)
Turn 547:
> 694025
Grade: 3 bull(s) and 3 cow(s)
Turn 548:
> 964025
Grade: 2 bull(s) and 4 cow(s)
Turn 549:
> 469025
Grade: 1 bull(s) and 5 cow(s)
Turn 550:
> 649025
Grade: 1 bull(s) and 5 cow(s)
Turn 551:
> 609425
Grade: 1 bull(s) and 5 cow(s)
Turn 552:
> 069425
Grade: 1 bull(s) and 5 cow(s)
Turn 553:
> 960425
Grade: 1 bull(s) and 5 cow(s)
Turn 554:
> 690425
Grade: 2 bull(s) and 4 cow(s)
Turn 555:
> 096425
Grade: 2 bull(s) and 4 cow(s)
Turn 556:
> 906425
Grade: 1 bull(s) and 5 cow(s)
Turn 557:
> 904625
Grade: 3 bull(s) and 3 cow(s)
Turn 558:
> 094625
Grade: 4 bull(s) and 2 cow(s)
Turn 559:
> 490625
Grade: 3 bull(s) and 3 cow(s)
Turn 560:
> 940625
Grade: 2 bull(s) and 4 cow(s)
Turn 561:
> 049625
Grade: 2 bull(s) and 4 cow(s)
Turn 562:
> 409625
Grade: 2 bull(s) and 4 cow(s)
Turn 563:
> 209645
Grade: 1 bull(s) and 5 cow(s)
Turn 564:
> 029645
Grade: 1 bull(s) and 5 cow(s)
Turn 565:
> 920645
Grade: 1 bull(s) and 5 cow(s)
Turn 566:
> 290645
Grade: 2 bull(s) and 4 cow(s)
Turn 567:
> 092645
Grade: 2 bull(s) and 4 cow(s)
Turn 568:
> 902645
Grade: 1 bull(s) and 5 cow(s)
Turn 569:
> 602945
Grade: 6 cow(s)
Turn 570:
> 062945
Grade: 6 cow(s)
Turn 571:
> 260945
Grade: 6 cow(s)
Turn 572:
> 620945
Grade: 6 cow(s)
Turn 573:
> 026945
Grade: 6 cow(s)
Turn 574:
> 206945
Grade: 6 cow(s)
Turn 575:
> 296045
Grade: 1 bull(s) and 5 cow(s)
Turn 576:
> 926045
Grade: 6 cow(s)
Turn 577:
> 629045
Grade: 6 cow(s)
Turn 578:
> 269045
Grade: 6 cow(s)
Turn 579:
> 962045
Grade: 6 cow(s)
Turn 580:
> 692045
Grade: 1 bull(s) and 5 cow(s)
Turn 581:
> 690245
Grade: 1 bull(s) and 5 cow(s)
Turn 582:
> 960245
Grade: 6 cow(s)
Turn 583:
> 069245
Grade: 6 cow(s)
Turn 584:
> 609245
Grade: 6 cow(s)
Turn 585:
> 906245
Grade: 6 cow(s)
Turn 586:
> 096245
Grade: 1 bull(s) and 5 cow(s)
Turn 587:
> 496205
Grade: 1 bull(s) and 5 cow(s)
Turn 588:
> 946205
Grade: 6 cow(s)
Turn 589:
> 649205
Grade: 6 cow(s)
Turn 590:
> 469205
Grade: 6 cow(s)
Turn 591:
> 964205
Grade: 1 bull(s) and 5 cow(s)
Turn 592:
> 694205
Grade: 2 bull(s) and 4 cow(s)
Turn 593:
> 294605
Grade: 3 bull(s) and 3 cow(s)
Turn 594:
> 924605
Grade: 2 bull(s) and 4 cow(s)
Turn 595:
> 429605
Grade: 1 bull(s) and 5 cow(s)
Turn 596:
> 249605
Grade: 1 bull(s) and 5 cow(s)
Turn 597:
> 942605
Grade: 1 bull(s) and 5 cow(s)
Turn 598:
> 492605
Grade: 2 bull(s) and 4 cow(s)
Turn 599:
> 462905
Grade: 6 cow(s)
Turn 600:
> 642905
Grade: 6 cow(s)
Turn 601:
> 246905
Grade: 6 cow(s)
Turn 602:
> 426905
Grade: 6 cow(s)
Turn 603:
> 624905
Grade: 1 bull(s) and 5 cow(s)
Turn 604:
> 264905
Grade: 1 bull(s) and 5 cow(s)
Turn 605:
> 269405
Grade: 6 cow(s)
Turn 606:
> 629405
Grade: 6 cow(s)
Turn 607:
> 926405
Grade: 6 cow(s)
Turn 608:
> 296405
Grade: 1 bull(s) and 5 cow(s)
Turn 609:
> 692405
Grade: 1 bull(s) and 5 cow(s)
Turn 610:
> 962405
Grade: 6 cow(s)
Turn 611:
> 962450
Grade: 1 bull(s) and 5 cow(s)
Turn 612:
> 692450
Grade: 2 bull(s) and 4 cow(s)
Turn 613:
> 296450
Grade: 2 bull(s) and 4 cow(s)
Turn 614:
> 926450
Grade: 1 bull(s) and 5 cow(s)
Turn 615:
> 629450
Grade: 1 bull(s) and 5 cow(s)
Turn 616:
> 269450
Grade: 1 bull(s) and 5 cow(s)
Turn 617:
> 469250
Grade: 1 bull(s) and 5 cow(s)
Turn 618:
> 649250
Grade: 1 bull(s) and 5 cow(s)
Turn 619:
> 946250
Grade: 1 bull(s) and 5 cow(s)
Turn 620:
> 496250
Grade: 2 bull(s) and 4 cow(s)
Turn 621:
> 694250
Grade: 3 bull(s) and 3 cow(s)
Turn 622:
> 964250
Grade: 2 bull(s) and 4 cow(s)
Turn 623:
> 924650
Grade: 3 bull(s) and 3 cow(s)
Turn 624:
> 294650
Grade: 4 bull(s) and 2 cow(s)
Turn 625:
> 492650
Grade: 3 bull(s) and 3 cow(s)
Turn 626:
> 942650
Grade: 2 bull(s) and 4 cow(s)
Turn 627:
> 249650
Grade: 2 bull(s) and 4 cow(s)
Turn 628:
> 429650
Grade: 2 bull(s) and 4 cow(s)
Turn 629:
> 426950
Grade: 1 bull(s) and 5 cow(s)
Turn 630:
> 246950
Grade: 1 bull(s) and 5 cow(s)
Turn 631:
> 642950
Grade: 1 bull(s) and 5 cow(s)
Turn 632:
> 462950
Grade: 1 bull(s) and 5 cow(s)
Turn 633:
> 264950
Grade: 2 bull(s) and 4 cow(s)
Turn 634:
> 624950
Grade: 2 bull(s) and 4 cow(s)
Turn 635:
> 524960
Grade: 3 bull(s) and 3 cow(s)
Turn 636:
> 254960
Grade: 2 bull(s) and 4 cow(s)
Turn 637:
> 452960
Grade: 1 bull(s) and 5 cow(s)
Turn 638:
> 542960
Grade: 2 bull(s) and 4 cow(s)
Turn 639:
> 245960
Grade: 1 bull(s) and 5 cow(s)
Turn 640:
> 425960
Grade: 1 bull(s) and 5 cow(s)
Turn 641:
> 925460
Grade: 1 bull(s) and 5 cow(s)
Turn 642:
> 295460
Grade: 2 bull(s) and 4 cow(s)
Turn 643:
> 592460
Grade: 3 bull(s) and 3 cow(s)
Turn 644:
> 952460
Grade: 1 bull(s) and 5 cow(s)
Turn 645:
> 259460
Grade: 1 bull(s) and 5 cow(s)
Turn 646:
> 529460
Grade: 2 bull(s) and 4 cow(s)
Turn 647:
> 549260
Grade: 2 bull(s) and 4 cow(s)
Turn 648:
> 459260
Grade: 1 bull(s) and 5 cow(s)
Turn 649:
> 954260
Grade: 2 bull(s) and 4 cow(s)
Turn 650:
> 594260
Grade: 4 bull(s) and 2 cow(s)
Turn 651:
> 495260
Grade: 2 bull(s) and 4 cow(s)
Turn 652:
> 945260
Grade: 1 bull(s) and 5 cow(s)
Turn 653:
> 942560
Grade: 1 bull(s) and 5 cow(s)
Turn 654:
> 492560
Grade: 2 bull(s) and 4 cow(s)
Turn 655:
> 294560
Grade: 3 bull(s) and 3 cow(s)
Turn 656:
> 924560
Grade: 2 bull(s) and 4 cow(s)
Turn 657:
> 429560
Grade: 1 bull(s) and 5 cow(s)
Turn 658:
> 249560
Grade: 1 bull(s) and 5 cow(s)
Turn 659:
> 649520
Grade: 2 bull(s) and 4 cow(s)
Turn 660:
> 469520
Grade: 2 bull(s) and 4 cow(s)
Turn 661:
> 964520
Grade: 3 bull(s) and 3 cow(s)
Turn 662:
> 694520
Grade: 4 bull(s) and 2 cow(s)
Turn 663:
> 496520
Grade: 3 bull(s) and 3 cow(s)
Turn 664:
> 946520
Grade: 2 bull(s) and 4 cow(s)
Turn 665:
> 546920
Grade: 3 bull(s) and 3 cow(s)
Turn 666:
> 456920
Grade: 2 bull(s) and 4 cow(s)
Turn 667:
> 654920
Grade: 3 bull(s) and 3 cow(s)
Turn 668:
> 564920
Grade: 4 bull(s) and 2 cow(s)
Turn 669:
> 465920
Grade: 2 bull(s) and 4 cow(s)
Turn 670:
> 645920
Grade: 2 bull(s) and 4 cow(s)
Turn 671:
> 695420
Grade: 3 bull(s) and 3 cow(s)
Turn 672:
> 965420
Grade: 2 bull(s) and 4 cow(s)
Turn 673:
> 569420
Grade: 3 bull(s) and 3 cow(s)
Turn 674:
> 659420
Grade: 2 bull(s) and 4 cow(s)
Turn 675:
> 956420
Grade: 2 bull(s) and 4 cow(s)
Turn 676:
> 596420
Grade: 4 bull(s) and 2 cow(s)
Turn 677:
> 594620
Grade: 6 bull(s)
Congratulations! You guessed the secret code.
?[1;31m
Start test 4?[0m
Input the length of the secret code:
> 11
Input the number of possible symbols in the code:
> 10
Error: it's not possible to generate a code with a length of 11 with 10 unique symbols.
?[1;31m
Start test 5?[0m
Input the length of the secret code:
> 4
Input the number of possible symbols in the code:
> 16
The secret is prepared: **** (0-9, a-f).
Okay, let's start a game!
Turn 1:
> 0000
Grade: None
Turn 2:
> 1111
Grade: None
Turn 3:
> 2222
Grade: 1 bull(s) and 3 cow(s)
Turn 4:
> 3333
Grade: None
Turn 5:
> 4444
Grade: 1 bull(s) and 3 cow(s)
Turn 6:
> 5555
Grade: None
Turn 7:
> 6666
Grade: None
Turn 8:
> 7777
Grade: None
Turn 9:
> 8888
Grade: 1 bull(s) and 3 cow(s)
Turn 10:
> 9999
Grade: None
Turn 11:
> aaaa
Grade: 1 bull(s) and 3 cow(s)
Turn 12:
> 248a
Grade: 2 bull(s) and 2 cow(s)
Turn 13:
> 428a
Grade: 1 bull(s) and 3 cow(s)
Turn 14:
> 824a
Grade: 4 cow(s)
Turn 15:
> 284a
Grade: 1 bull(s) and 3 cow(s)
Turn 16:
> 482a
Grade: 4 cow(s)
Turn 17:
> 842a
Grade: 4 cow(s)
Turn 18:
> a428
Grade: 4 cow(s)
Turn 19:
> 4a28
Grade: 1 bull(s) and 3 cow(s)
Turn 20:
> 2a48
Grade: 2 bull(s) and 2 cow(s)
Turn 21:
> a248
Grade: 4 cow(s)
Turn 22:
> 42a8
Grade: 4 cow(s)
Turn 23:
> 24a8
Grade: 1 bull(s) and 3 cow(s)
Turn 24:
> 28a4
Grade: 2 bull(s) and 2 cow(s)
Turn 25:
> 82a4
Grade: 1 bull(s) and 3 cow(s)
Turn 26:
> a284
Grade: 2 bull(s) and 2 cow(s)
Turn 27:
> 2a84
Grade: 4 bull(s)
Congratulations! You guessed the secret code.
?[1;31m
Start test 6?[0m
Input the length of the secret code:
> 6
Input the number of possible symbols in the code:
> 36
The secret is prepared: ****** (0-9, a-z).
Okay, let's start a game!
Turn 1:
> 000000
Grade: None
Turn 2:
> 111111
Grade: None
Turn 3:
> 222222
Grade: None
Turn 4:
> 333333
Grade: None
Turn 5:
> 444444
Grade: None
Turn 6:
> 555555
Grade: 1 bull(s) and 5 cow(s)
Turn 7:
> 666666
Grade: None
Turn 8:
> 777777
Grade: None
Turn 9:
> 888888
Grade: None
Turn 10:
> 999999
Grade: None
Turn 11:
> aaaaaa
Grade: None
Turn 12:
> bbbbbb
Grade: None
Turn 13:
> cccccc
Grade: None
Turn 14:
> dddddd
Grade: None
Turn 15:
> eeeeee
Grade: None
Turn 16:
> ffffff
Grade: None
Turn 17:
> gggggg
Grade: None
Turn 18:
> hhhhhh
Grade: None
Turn 19:
> iiiiii
Grade: 1 bull(s) and 5 cow(s)
Turn 20:
> jjjjjj
Grade: 1 bull(s) and 5 cow(s)
Turn 21:
> kkkkkk
Grade: None
Turn 22:
> llllll
Grade: None
Turn 23:
> mmmmmm
Grade: None
Turn 24:
> nnnnnn
Grade: 1 bull(s) and 5 cow(s)
Turn 25:
> oooooo
Grade: None
Turn 26:
> pppppp
Grade: 1 bull(s) and 5 cow(s)
Turn 27:
> qqqqqq
Grade: None
Turn 28:
> rrrrrr
Grade: None
Turn 29:
> ssssss
Grade: None
Turn 30:
> tttttt
Grade: 1 bull(s) and 5 cow(s)
Turn 31:
> 5ijnpt
Grade: 6 cow(s)
Turn 32:
> i5jnpt
Grade: 1 bull(s) and 5 cow(s)
Turn 33:
> j5inpt
Grade: 6 cow(s)
Turn 34:
> 5jinpt
Grade: 6 cow(s)
Turn 35:
> ij5npt
Grade: 1 bull(s) and 5 cow(s)
Turn 36:
> ji5npt
Grade: 6 cow(s)
Turn 37:
> ni5jpt
Grade: 6 cow(s)
Turn 38:
> in5jpt
Grade: 1 bull(s) and 5 cow(s)
Turn 39:
> 5nijpt
Grade: 6 cow(s)
Turn 40:
> n5ijpt
Grade: 6 cow(s)
Turn 41:
> i5njpt
Grade: 2 bull(s) and 4 cow(s)
Turn 42:
> 5injpt
Grade: 1 bull(s) and 5 cow(s)
Turn 43:
> 5jnipt
Grade: 1 bull(s) and 5 cow(s)
Turn 44:
> j5nipt
Grade: 1 bull(s) and 5 cow(s)
Turn 45:
> n5jipt
Grade: 6 cow(s)
Turn 46:
> 5njipt
Grade: 6 cow(s)
Turn 47:
> jn5ipt
Grade: 6 cow(s)
Turn 48:
> nj5ipt
Grade: 6 cow(s)
Turn 49:
> nji5pt
Grade: 6 cow(s)
Turn 50:
> jni5pt
Grade: 6 cow(s)
Turn 51:
> inj5pt
Grade: 1 bull(s) and 5 cow(s)
Turn 52:
> nij5pt
Grade: 6 cow(s)
Turn 53:
> jin5pt
Grade: 1 bull(s) and 5 cow(s)
Turn 54:
> ijn5pt
Grade: 2 bull(s) and 4 cow(s)
Turn 55:
> pjn5it
Grade: 1 bull(s) and 5 cow(s)
Turn 56:
> jpn5it
Grade: 2 bull(s) and 4 cow(s)
Turn 57:
> npj5it
Grade: 1 bull(s) and 5 cow(s)
Turn 58:
> pnj5it
Grade: 6 cow(s)
Turn 59:
> jnp5it
Grade: 6 cow(s)
Turn 60:
> njp5it
Grade: 6 cow(s)
Turn 61:
> 5jpnit
Grade: 6 cow(s)
Turn 62:
> j5pnit
Grade: 6 cow(s)
Turn 63:
> p5jnit
Grade: 6 cow(s)
Turn 64:
> 5pjnit
Grade: 1 bull(s) and 5 cow(s)
Turn 65:
> jp5nit
Grade: 1 bull(s) and 5 cow(s)
Turn 66:
> pj5nit
Grade: 6 cow(s)
Turn 67:
> pn5jit
Grade: 6 cow(s)
Turn 68:
> np5jit
Grade: 1 bull(s) and 5 cow(s)
Turn 69:
> 5pnjit
Grade: 2 bull(s) and 4 cow(s)
Turn 70:
> p5njit
Grade: 1 bull(s) and 5 cow(s)
Turn 71:
> n5pjit
Grade: 6 cow(s)
Turn 72:
> 5npjit
Grade: 6 cow(s)
Turn 73:
> 5njpit
Grade: 6 cow(s)
Turn 74:
> n5jpit
Grade: 6 cow(s)
Turn 75:
> j5npit
Grade: 1 bull(s) and 5 cow(s)
Turn 76:
> 5jnpit
Grade: 1 bull(s) and 5 cow(s)
Turn 77:
> nj5pit
Grade: 6 cow(s)
Turn 78:
> jn5pit
Grade: 6 cow(s)
Turn 79:
> in5pjt
Grade: 2 bull(s) and 4 cow(s)
Turn 80:
> ni5pjt
Grade: 1 bull(s) and 5 cow(s)
Turn 81:
> 5inpjt
Grade: 2 bull(s) and 4 cow(s)
Turn 82:
> i5npjt
Grade: 3 bull(s) and 3 cow(s)
Turn 83:
> n5ipjt
Grade: 1 bull(s) and 5 cow(s)
Turn 84:
> 5nipjt
Grade: 1 bull(s) and 5 cow(s)
Turn 85:
> pni5jt
Grade: 1 bull(s) and 5 cow(s)
Turn 86:
> npi5jt
Grade: 2 bull(s) and 4 cow(s)
Turn 87:
> ipn5jt
Grade: 4 bull(s) and 2 cow(s)
Turn 88:
> pin5jt
Grade: 2 bull(s) and 4 cow(s)
Turn 89:
> nip5jt
Grade: 1 bull(s) and 5 cow(s)
Turn 90:
> inp5jt
Grade: 2 bull(s) and 4 cow(s)
Turn 91:
> i5pnjt
Grade: 2 bull(s) and 4 cow(s)
Turn 92:
> 5ipnjt
Grade: 1 bull(s) and 5 cow(s)
Turn 93:
> pi5njt
Grade: 1 bull(s) and 5 cow(s)
Turn 94:
> ip5njt
Grade: 3 bull(s) and 3 cow(s)
Turn 95:
> 5pinjt
Grade: 2 bull(s) and 4 cow(s)
Turn 96:
> p5injt
Grade: 1 bull(s) and 5 cow(s)
Turn 97:
> p5nijt
Grade: 2 bull(s) and 4 cow(s)
Turn 98:
> 5pnijt
Grade: 3 bull(s) and 3 cow(s)
Turn 99:
> np5ijt
Grade: 2 bull(s) and 4 cow(s)
Turn 100:
> pn5ijt
Grade: 1 bull(s) and 5 cow(s)
Turn 101:
> 5npijt
Grade: 1 bull(s) and 5 cow(s)
Turn 102:
> n5pijt
Grade: 1 bull(s) and 5 cow(s)
Turn 103:
> j5pint
Grade: 6 cow(s)
Turn 104:
> 5jpint
Grade: 6 cow(s)
Turn 105:
> pj5int
Grade: 6 cow(s)
Turn 106:
> jp5int
Grade: 1 bull(s) and 5 cow(s)
Turn 107:
> 5pjint
Grade: 1 bull(s) and 5 cow(s)
Turn 108:
> p5jint
Grade: 6 cow(s)
Turn 109:
> i5jpnt
Grade: 1 bull(s) and 5 cow(s)
Turn 110:
> 5ijpnt
Grade: 6 cow(s)
Turn 111:
> ji5pnt
Grade: 6 cow(s)
Turn 112:
> ij5pnt
Grade: 1 bull(s) and 5 cow(s)
Turn 113:
> 5jipnt
Grade: 6 cow(s)
Turn 114:
> j5ipnt
Grade: 6 cow(s)
Turn 115:
> jpi5nt
Grade: 1 bull(s) and 5 cow(s)
Turn 116:
> pji5nt
Grade: 6 cow(s)
Turn 117:
> ijp5nt
Grade: 1 bull(s) and 5 cow(s)
Turn 118:
> jip5nt
Grade: 6 cow(s)
Turn 119:
> pij5nt
Grade: 6 cow(s)
Turn 120:
> ipj5nt
Grade: 2 bull(s) and 4 cow(s)
Turn 121:
> ip5jnt
Grade: 2 bull(s) and 4 cow(s)
Turn 122:
> pi5jnt
Grade: 6 cow(s)
Turn 123:
> 5ipjnt
Grade: 6 cow(s)
Turn 124:
> i5pjnt
Grade: 1 bull(s) and 5 cow(s)
Turn 125:
> p5ijnt
Grade: 6 cow(s)
Turn 126:
> 5pijnt
Grade: 1 bull(s) and 5 cow(s)
Turn 127:
> npij5t
Grade: 1 bull(s) and 5 cow(s)
Turn 128:
> pnij5t
Grade: 6 cow(s)
Turn 129:
> inpj5t
Grade: 1 bull(s) and 5 cow(s)
Turn 130:
> nipj5t
Grade: 6 cow(s)
Turn 131:
> pinj5t
Grade: 1 bull(s) and 5 cow(s)
Turn 132:
> ipnj5t
Grade: 3 bull(s) and 3 cow(s)
Turn 133:
> jpni5t
Grade: 2 bull(s) and 4 cow(s)
Turn 134:
> pjni5t
Grade: 1 bull(s) and 5 cow(s)
Turn 135:
> njpi5t
Grade: 6 cow(s)
Turn 136:
> jnpi5t
Grade: 6 cow(s)
Turn 137:
> pnji5t
Grade: 6 cow(s)
Turn 138:
> npji5t
Grade: 1 bull(s) and 5 cow(s)
Turn 139:
> nijp5t
Grade: 6 cow(s)
Turn 140:
> injp5t
Grade: 1 bull(s) and 5 cow(s)
Turn 141:
> jnip5t
Grade: 6 cow(s)
Turn 142:
> njip5t
Grade: 6 cow(s)
Turn 143:
> ijnp5t
Grade: 2 bull(s) and 4 cow(s)
Turn 144:
> jinp5t
Grade: 1 bull(s) and 5 cow(s)
Turn 145:
> jipn5t
Grade: 6 cow(s)
Turn 146:
> ijpn5t
Grade: 1 bull(s) and 5 cow(s)
Turn 147:
> pjin5t
Grade: 6 cow(s)
Turn 148:
> jpin5t
Grade: 1 bull(s) and 5 cow(s)
Turn 149:
> ipjn5t
Grade: 2 bull(s) and 4 cow(s)
Turn 150:
> pijn5t
Grade: 6 cow(s)
Turn 151:
> tijn5p
Grade: 6 cow(s)
Turn 152:
> itjn5p
Grade: 1 bull(s) and 5 cow(s)
Turn 153:
> jtin5p
Grade: 6 cow(s)
Turn 154:
> tjin5p
Grade: 6 cow(s)
Turn 155:
> ijtn5p
Grade: 1 bull(s) and 5 cow(s)
Turn 156:
> jitn5p
Grade: 6 cow(s)
Turn 157:
> nitj5p
Grade: 6 cow(s)
Turn 158:
> intj5p
Grade: 1 bull(s) and 5 cow(s)
Turn 159:
> tnij5p
Grade: 6 cow(s)
Turn 160:
> ntij5p
Grade: 6 cow(s)
Turn 161:
> itnj5p
Grade: 2 bull(s) and 4 cow(s)
Turn 162:
> tinj5p
Grade: 1 bull(s) and 5 cow(s)
Turn 163:
> tjni5p
Grade: 1 bull(s) and 5 cow(s)
Turn 164:
> jtni5p
Grade: 1 bull(s) and 5 cow(s)
Turn 165:
> ntji5p
Grade: 6 cow(s)
Turn 166:
> tnji5p
Grade: 6 cow(s)
Turn 167:
> jnti5p
Grade: 6 cow(s)
Turn 168:
> njti5p
Grade: 6 cow(s)
Turn 169:
> njit5p
Grade: 1 bull(s) and 5 cow(s)
Turn 170:
> jnit5p
Grade: 1 bull(s) and 5 cow(s)
Turn 171:
> injt5p
Grade: 2 bull(s) and 4 cow(s)
Turn 172:
> nijt5p
Grade: 1 bull(s) and 5 cow(s)
Turn 173:
> jint5p
Grade: 2 bull(s) and 4 cow(s)
Turn 174:
> ijnt5p
Grade: 3 bull(s) and 3 cow(s)
Turn 175:
> 5jntip
Grade: 2 bull(s) and 4 cow(s)
Turn 176:
> j5ntip
Grade: 2 bull(s) and 4 cow(s)
Turn 177:
> n5jtip
Grade: 1 bull(s) and 5 cow(s)
Turn 178:
> 5njtip
Grade: 1 bull(s) and 5 cow(s)
Turn 179:
> jn5tip
Grade: 1 bull(s) and 5 cow(s)
Turn 180:
> nj5tip
Grade: 1 bull(s) and 5 cow(s)
Turn 181:
> tj5nip
Grade: 6 cow(s)
Turn 182:
> jt5nip
Grade: 6 cow(s)
Turn 183:
> 5tjnip
Grade: 6 cow(s)
Turn 184:
> t5jnip
Grade: 6 cow(s)
Turn 185:
> j5tnip
Grade: 6 cow(s)
Turn 186:
> 5jtnip
Grade: 6 cow(s)
Turn 187:
> 5ntjip
Grade: 6 cow(s)
Turn 188:
> n5tjip
Grade: 6 cow(s)
Turn 189:
> t5njip
Grade: 1 bull(s) and 5 cow(s)
Turn 190:
> 5tnjip
Grade: 1 bull(s) and 5 cow(s)
Turn 191:
> nt5jip
Grade: 6 cow(s)
Turn 192:
> tn5jip
Grade: 6 cow(s)
Turn 193:
> tnj5ip
Grade: 6 cow(s)
Turn 194:
> ntj5ip
Grade: 6 cow(s)
Turn 195:
> jtn5ip
Grade: 1 bull(s) and 5 cow(s)
Turn 196:
> tjn5ip
Grade: 1 bull(s) and 5 cow(s)
Turn 197:
> njt5ip
Grade: 6 cow(s)
Turn 198:
> jnt5ip
Grade: 6 cow(s)
Turn 199:
> int5jp
Grade: 2 bull(s) and 4 cow(s)
Turn 200:
> nit5jp
Grade: 1 bull(s) and 5 cow(s)
Turn 201:
> tin5jp
Grade: 2 bull(s) and 4 cow(s)
Turn 202:
> itn5jp
Grade: 3 bull(s) and 3 cow(s)
Turn 203:
> nti5jp
Grade: 1 bull(s) and 5 cow(s)
Turn 204:
> tni5jp
Grade: 1 bull(s) and 5 cow(s)
Turn 205:
> 5nitjp
Grade: 2 bull(s) and 4 cow(s)
Turn 206:
> n5itjp
Grade: 2 bull(s) and 4 cow(s)
Turn 207:
> i5ntjp
Grade: 4 bull(s) and 2 cow(s)
Turn 208:
> 5intjp
Grade: 3 bull(s) and 3 cow(s)
Turn 209:
> ni5tjp
Grade: 2 bull(s) and 4 cow(s)
Turn 210:
> in5tjp
Grade: 3 bull(s) and 3 cow(s)
Turn 211:
> it5njp
Grade: 2 bull(s) and 4 cow(s)
Turn 212:
> ti5njp
Grade: 1 bull(s) and 5 cow(s)
Turn 213:
> 5itnjp
Grade: 1 bull(s) and 5 cow(s)
Turn 214:
> i5tnjp
Grade: 2 bull(s) and 4 cow(s)
Turn 215:
> t5injp
Grade: 1 bull(s) and 5 cow(s)
Turn 216:
> 5tinjp
Grade: 1 bull(s) and 5 cow(s)
Turn 217:
> 5tnijp
Grade: 2 bull(s) and 4 cow(s)
Turn 218:
> t5nijp
Grade: 2 bull(s) and 4 cow(s)
Turn 219:
> n5tijp
Grade: 1 bull(s) and 5 cow(s)
Turn 220:
> 5ntijp
Grade: 1 bull(s) and 5 cow(s)
Turn 221:
> tn5ijp
Grade: 1 bull(s) and 5 cow(s)
Turn 222:
> nt5ijp
Grade: 1 bull(s) and 5 cow(s)
Turn 223:
> jt5inp
Grade: 6 cow(s)
Turn 224:
> tj5inp
Grade: 6 cow(s)
Turn 225:
> 5jtinp
Grade: 6 cow(s)
Turn 226:
> j5tinp
Grade: 6 cow(s)
Turn 227:
> t5jinp
Grade: 6 cow(s)
Turn 228:
> 5tjinp
Grade: 6 cow(s)
Turn 229:
> itj5np
Grade: 1 bull(s) and 5 cow(s)
Turn 230:
> tij5np
Grade: 6 cow(s)
Turn 231:
> jit5np
Grade: 6 cow(s)
Turn 232:
> ijt5np
Grade: 1 bull(s) and 5 cow(s)
Turn 233:
> tji5np
Grade: 6 cow(s)
Turn 234:
> jti5np
Grade: 6 cow(s)
Turn 235:
> j5itnp
Grade: 1 bull(s) and 5 cow(s)
Turn 236:
> 5jitnp
Grade: 1 bull(s) and 5 cow(s)
Turn 237:
> ij5tnp
Grade: 2 bull(s) and 4 cow(s)
Turn 238:
> ji5tnp
Grade: 1 bull(s) and 5 cow(s)
Turn 239:
> 5ijtnp
Grade: 1 bull(s) and 5 cow(s)
Turn 240:
> i5jtnp
Grade: 2 bull(s) and 4 cow(s)
Turn 241:
> i5tjnp
Grade: 1 bull(s) and 5 cow(s)
Turn 242:
> 5itjnp
Grade: 6 cow(s)
Turn 243:
> ti5jnp
Grade: 6 cow(s)
Turn 244:
> it5jnp
Grade: 1 bull(s) and 5 cow(s)
Turn 245:
> 5tijnp
Grade: 6 cow(s)
Turn 246:
> t5ijnp
Grade: 6 cow(s)
Turn 247:
> n5ijtp
Grade: 6 cow(s)
Turn 248:
> 5nijtp
Grade: 6 cow(s)
Turn 249:
> in5jtp
Grade: 1 bull(s) and 5 cow(s)
Turn 250:
> ni5jtp
Grade: 6 cow(s)
Turn 251:
> 5injtp
Grade: 1 bull(s) and 5 cow(s)
Turn 252:
> i5njtp
Grade: 2 bull(s) and 4 cow(s)
Turn 253:
> j5nitp
Grade: 1 bull(s) and 5 cow(s)
Turn 254:
> 5jnitp
Grade: 1 bull(s) and 5 cow(s)
Turn 255:
> nj5itp
Grade: 6 cow(s)
Turn 256:
> jn5itp
Grade: 6 cow(s)
Turn 257:
> 5njitp
Grade: 6 cow(s)
Turn 258:
> n5jitp
Grade: 6 cow(s)
Turn 259:
> nij5tp
Grade: 6 cow(s)
Turn 260:
> inj5tp
Grade: 1 bull(s) and 5 cow(s)
Turn 261:
> jni5tp
Grade: 6 cow(s)
Turn 262:
> nji5tp
Grade: 6 cow(s)
Turn 263:
> ijn5tp
Grade: 2 bull(s) and 4 cow(s)
Turn 264:
> jin5tp
Grade: 1 bull(s) and 5 cow(s)
Turn 265:
> ji5ntp
Grade: 6 cow(s)
Turn 266:
> ij5ntp
Grade: 1 bull(s) and 5 cow(s)
Turn 267:
> 5jintp
Grade: 6 cow(s)
Turn 268:
> j5intp
Grade: 6 cow(s)
Turn 269:
> i5jntp
Grade: 1 bull(s) and 5 cow(s)
Turn 270:
> 5ijntp
Grade: 6 cow(s)
Turn 271:
> 5pjnti
Grade: 1 bull(s) and 5 cow(s)
Turn 272:
> p5jnti
Grade: 6 cow(s)
Turn 273:
> j5pnti
Grade: 6 cow(s)
Turn 274:
> 5jpnti
Grade: 6 cow(s)
Turn 275:
> pj5nti
Grade: 6 cow(s)
Turn 276:
> jp5nti
Grade: 1 bull(s) and 5 cow(s)
Turn 277:
> np5jti
Grade: 1 bull(s) and 5 cow(s)
Turn 278:
> pn5jti
Grade: 6 cow(s)
Turn 279:
> 5npjti
Grade: 6 cow(s)
Turn 280:
> n5pjti
Grade: 6 cow(s)
Turn 281:
> p5njti
Grade: 1 bull(s) and 5 cow(s)
Turn 282:
> 5pnjti
Grade: 2 bull(s) and 4 cow(s)
Turn 283:
> 5jnpti
Grade: 1 bull(s) and 5 cow(s)
Turn 284:
> j5npti
Grade: 1 bull(s) and 5 cow(s)
Turn 285:
> n5jpti
Grade: 6 cow(s)
Turn 286:
> 5njpti
Grade: 6 cow(s)
Turn 287:
> jn5pti
Grade: 6 cow(s)
Turn 288:
> nj5pti
Grade: 6 cow(s)
Turn 289:
> njp5ti
Grade: 6 cow(s)
Turn 290:
> jnp5ti
Grade: 6 cow(s)
Turn 291:
> pnj5ti
Grade: 6 cow(s)
Turn 292:
> npj5ti
Grade: 1 bull(s) and 5 cow(s)
Turn 293:
> jpn5ti
Grade: 2 bull(s) and 4 cow(s)
Turn 294:
> pjn5ti
Grade: 1 bull(s) and 5 cow(s)
Turn 295:
> tjn5pi
Grade: 1 bull(s) and 5 cow(s)
Turn 296:
> jtn5pi
Grade: 1 bull(s) and 5 cow(s)
Turn 297:
> ntj5pi
Grade: 6 cow(s)
Turn 298:
> tnj5pi
Grade: 6 cow(s)
Turn 299:
> jnt5pi
Grade: 6 cow(s)
Turn 300:
> njt5pi
Grade: 6 cow(s)
Turn 301:
> 5jtnpi
Grade: 6 cow(s)
Turn 302:
> j5tnpi
Grade: 6 cow(s)
Turn 303:
> t5jnpi
Grade: 6 cow(s)
Turn 304:
> 5tjnpi
Grade: 6 cow(s)
Turn 305:
> jt5npi
Grade: 6 cow(s)
Turn 306:
> tj5npi
Grade: 6 cow(s)
Turn 307:
> tn5jpi
Grade: 6 cow(s)
Turn 308:
> nt5jpi
Grade: 6 cow(s)
Turn 309:
> 5tnjpi
Grade: 1 bull(s) and 5 cow(s)
Turn 310:
> t5njpi
Grade: 1 bull(s) and 5 cow(s)
Turn 311:
> n5tjpi
Grade: 6 cow(s)
Turn 312:
> 5ntjpi
Grade: 6 cow(s)
Turn 313:
> 5njtpi
Grade: 1 bull(s) and 5 cow(s)
Turn 314:
> n5jtpi
Grade: 1 bull(s) and 5 cow(s)
Turn 315:
> j5ntpi
Grade: 2 bull(s) and 4 cow(s)
Turn 316:
> 5jntpi
Grade: 2 bull(s) and 4 cow(s)
Turn 317:
> nj5tpi
Grade: 1 bull(s) and 5 cow(s)
Turn 318:
> jn5tpi
Grade: 1 bull(s) and 5 cow(s)
Turn 319:
> pn5tji
Grade: 2 bull(s) and 4 cow(s)
Turn 320:
> np5tji
Grade: 3 bull(s) and 3 cow(s)
Turn 321:
> 5pntji
Grade: 4 bull(s) and 2 cow(s)
Turn 322:
> p5ntji
Grade: 3 bull(s) and 3 cow(s)
Turn 323:
> n5ptji
Grade: 2 bull(s) and 4 cow(s)
Turn 324:
> 5nptji
Grade: 2 bull(s) and 4 cow(s)
Turn 325:
> tnp5ji
Grade: 1 bull(s) and 5 cow(s)
Turn 326:
> ntp5ji
Grade: 1 bull(s) and 5 cow(s)
Turn 327:
> ptn5ji
Grade: 2 bull(s) and 4 cow(s)
Turn 328:
> tpn5ji
Grade: 3 bull(s) and 3 cow(s)
Turn 329:
> npt5ji
Grade: 2 bull(s) and 4 cow(s)
Turn 330:
> pnt5ji
Grade: 1 bull(s) and 5 cow(s)
Turn 331:
> p5tnji
Grade: 1 bull(s) and 5 cow(s)
Turn 332:
> 5ptnji
Grade: 2 bull(s) and 4 cow(s)
Turn 333:
> tp5nji
Grade: 2 bull(s) and 4 cow(s)
Turn 334:
> pt5nji
Grade: 1 bull(s) and 5 cow(s)
Turn 335:
> 5tpnji
Grade: 1 bull(s) and 5 cow(s)
Turn 336:
> t5pnji
Grade: 1 bull(s) and 5 cow(s)
Turn 337:
> t5npji
Grade: 2 bull(s) and 4 cow(s)
Turn 338:
> 5tnpji
Grade: 2 bull(s) and 4 cow(s)
Turn 339:
> nt5pji
Grade: 1 bull(s) and 5 cow(s)
Turn 340:
> tn5pji
Grade: 1 bull(s) and 5 cow(s)
Turn 341:
> 5ntpji
Grade: 1 bull(s) and 5 cow(s)
Turn 342:
> n5tpji
Grade: 1 bull(s) and 5 cow(s)
Turn 343:
> j5tpni
Grade: 6 cow(s)
Turn 344:
> 5jtpni
Grade: 6 cow(s)
Turn 345:
> tj5pni
Grade: 6 cow(s)
Turn 346:
> jt5pni
Grade: 6 cow(s)
Turn 347:
> 5tjpni
Grade: 6 cow(s)
Turn 348:
> t5jpni
Grade: 6 cow(s)
Turn 349:
> p5jtni
Grade: 1 bull(s) and 5 cow(s)
Turn 350:
> 5pjtni
Grade: 2 bull(s) and 4 cow(s)
Turn 351:
> jp5tni
Grade: 2 bull(s) and 4 cow(s)
Turn 352:
> pj5tni
Grade: 1 bull(s) and 5 cow(s)
Turn 353:
> 5jptni
Grade: 1 bull(s) and 5 cow(s)
Turn 354:
> j5ptni
Grade: 1 bull(s) and 5 cow(s)
Turn 355:
> jtp5ni
Grade: 6 cow(s)
Turn 356:
> tjp5ni
Grade: 6 cow(s)
Turn 357:
> pjt5ni
Grade: 6 cow(s)
Turn 358:
> jpt5ni
Grade: 1 bull(s) and 5 cow(s)
Turn 359:
> tpj5ni
Grade: 1 bull(s) and 5 cow(s)
Turn 360:
> ptj5ni
Grade: 6 cow(s)
Turn 361:
> pt5jni
Grade: 6 cow(s)
Turn 362:
> tp5jni
Grade: 1 bull(s) and 5 cow(s)
Turn 363:
> 5ptjni
Grade: 1 bull(s) and 5 cow(s)
Turn 364:
> p5tjni
Grade: 6 cow(s)
Turn 365:
> t5pjni
Grade: 6 cow(s)
Turn 366:
> 5tpjni
Grade: 6 cow(s)
Turn 367:
> ntpj5i
Grade: 6 cow(s)
Turn 368:
> tnpj5i
Grade: 6 cow(s)
Turn 369:
> pntj5i
Grade: 6 cow(s)
Turn 370:
> nptj5i
Grade: 1 bull(s) and 5 cow(s)
Turn 371:
> tpnj5i
Grade: 2 bull(s) and 4 cow(s)
Turn 372:
> ptnj5i
Grade: 1 bull(s) and 5 cow(s)
Turn 373:
> jtnp5i
Grade: 1 bull(s) and 5 cow(s)
Turn 374:
> tjnp5i
Grade: 1 bull(s) and 5 cow(s)
Turn 375:
> njtp5i
Grade: 6 cow(s)
Turn 376:
> jntp5i
Grade: 6 cow(s)
Turn 377:
> tnjp5i
Grade: 6 cow(s)
Turn 378:
> ntjp5i
Grade: 6 cow(s)
Turn 379:
> npjt5i
Grade: 2 bull(s) and 4 cow(s)
Turn 380:
> pnjt5i
Grade: 1 bull(s) and 5 cow(s)
Turn 381:
> jnpt5i
Grade: 1 bull(s) and 5 cow(s)
Turn 382:
> njpt5i
Grade: 1 bull(s) and 5 cow(s)
Turn 383:
> pjnt5i
Grade: 2 bull(s) and 4 cow(s)
Turn 384:
> jpnt5i
Grade: 3 bull(s) and 3 cow(s)
Turn 385:
> jptn5i
Grade: 1 bull(s) and 5 cow(s)
Turn 386:
> pjtn5i
Grade: 6 cow(s)
Turn 387:
> tjpn5i
Grade: 6 cow(s)
Turn 388:
> jtpn5i
Grade: 6 cow(s)
Turn 389:
> ptjn5i
Grade: 6 cow(s)
Turn 390:
> tpjn5i
Grade: 1 bull(s) and 5 cow(s)
Turn 391:
> tpin5j
Grade: 1 bull(s) and 5 cow(s)
Turn 392:
> ptin5j
Grade: 6 cow(s)
Turn 393:
> itpn5j
Grade: 1 bull(s) and 5 cow(s)
Turn 394:
> tipn5j
Grade: 6 cow(s)
Turn 395:
> pitn5j
Grade: 6 cow(s)
Turn 396:
> iptn5j
Grade: 2 bull(s) and 4 cow(s)
Turn 397:
> npti5j
Grade: 1 bull(s) and 5 cow(s)
Turn 398:
> pnti5j
Grade: 6 cow(s)
Turn 399:
> tnpi5j
Grade: 6 cow(s)
Turn 400:
> ntpi5j
Grade: 6 cow(s)
Turn 401:
> ptni5j
Grade: 1 bull(s) and 5 cow(s)
Turn 402:
> tpni5j
Grade: 2 bull(s) and 4 cow(s)
Turn 403:
> tinp5j
Grade: 1 bull(s) and 5 cow(s)
Turn 404:
> itnp5j
Grade: 2 bull(s) and 4 cow(s)
Turn 405:
> ntip5j
Grade: 6 cow(s)
Turn 406:
> tnip5j
Grade: 6 cow(s)
Turn 407:
> intp5j
Grade: 1 bull(s) and 5 cow(s)
Turn 408:
> nitp5j
Grade: 6 cow(s)
Turn 409:
> nipt5j
Grade: 1 bull(s) and 5 cow(s)
Turn 410:
> inpt5j
Grade: 2 bull(s) and 4 cow(s)
Turn 411:
> pnit5j
Grade: 1 bull(s) and 5 cow(s)
Turn 412:
> npit5j
Grade: 2 bull(s) and 4 cow(s)
Turn 413:
> ipnt5j
Grade: 4 bull(s) and 2 cow(s)
Turn 414:
> pint5j
Grade: 2 bull(s) and 4 cow(s)
Turn 415:
> 5intpj
Grade: 2 bull(s) and 4 cow(s)
Turn 416:
> i5ntpj
Grade: 3 bull(s) and 3 cow(s)
Turn 417:
> n5itpj
Grade: 1 bull(s) and 5 cow(s)
Turn 418:
> 5nitpj
Grade: 1 bull(s) and 5 cow(s)
Turn 419:
> in5tpj
Grade: 2 bull(s) and 4 cow(s)
Turn 420:
> ni5tpj
Grade: 1 bull(s) and 5 cow(s)
Turn 421:
> ti5npj
Grade: 6 cow(s)
Turn 422:
> it5npj
Grade: 1 bull(s) and 5 cow(s)
Turn 423:
> 5tinpj
Grade: 6 cow(s)
Turn 424:
> t5inpj
Grade: 6 cow(s)
Turn 425:
> i5tnpj
Grade: 1 bull(s) and 5 cow(s)
Turn 426:
> 5itnpj
Grade: 6 cow(s)
Turn 427:
> 5ntipj
Grade: 6 cow(s)
Turn 428:
> n5tipj
Grade: 6 cow(s)
Turn 429:
> t5nipj
Grade: 1 bull(s) and 5 cow(s)
Turn 430:
> 5tnipj
Grade: 1 bull(s) and 5 cow(s)
Turn 431:
> nt5ipj
Grade: 6 cow(s)
Turn 432:
> tn5ipj
Grade: 6 cow(s)
Turn 433:
> tni5pj
Grade: 6 cow(s)
Turn 434:
> nti5pj
Grade: 6 cow(s)
Turn 435:
> itn5pj
Grade: 2 bull(s) and 4 cow(s)
Turn 436:
> tin5pj
Grade: 1 bull(s) and 5 cow(s)
Turn 437:
> nit5pj
Grade: 6 cow(s)
Turn 438:
> int5pj
Grade: 1 bull(s) and 5 cow(s)
Turn 439:
> pnt5ij
Grade: 6 cow(s)
Turn 440:
> npt5ij
Grade: 1 bull(s) and 5 cow(s)
Turn 441:
> tpn5ij
Grade: 2 bull(s) and 4 cow(s)
Turn 442:
> ptn5ij
Grade: 1 bull(s) and 5 cow(s)
Turn 443:
> ntp5ij
Grade: 6 cow(s)
Turn 444:
> tnp5ij
Grade: 6 cow(s)
Turn 445:
> 5nptij
Grade: 1 bull(s) and 5 cow(s)
Turn 446:
> n5ptij
Grade: 1 bull(s) and 5 cow(s)
Turn 447:
> p5ntij
Grade: 2 bull(s) and 4 cow(s)
Turn 448:
> 5pntij
Grade: 3 bull(s) and 3 cow(s)
Turn 449:
> np5tij
Grade: 2 bull(s) and 4 cow(s)
Turn 450:
> pn5tij
Grade: 1 bull(s) and 5 cow(s)
Turn 451:
> pt5nij
Grade: 6 cow(s)
Turn 452:
> tp5nij
Grade: 1 bull(s) and 5 cow(s)
Turn 453:
> 5ptnij
Grade: 1 bull(s) and 5 cow(s)
Turn 454:
> p5tnij
Grade: 6 cow(s)
Turn 455:
> t5pnij
Grade: 6 cow(s)
Turn 456:
> 5tpnij
Grade: 6 cow(s)
Turn 457:
> 5tnpij
Grade: 1 bull(s) and 5 cow(s)
Turn 458:
> t5npij
Grade: 1 bull(s) and 5 cow(s)
Turn 459:
> n5tpij
Grade: 6 cow(s)
Turn 460:
> 5ntpij
Grade: 6 cow(s)
Turn 461:
> tn5pij
Grade: 6 cow(s)
Turn 462:
> nt5pij
Grade: 6 cow(s)
Turn 463:
> it5pnj
Grade: 1 bull(s) and 5 cow(s)
Turn 464:
> ti5pnj
Grade: 6 cow(s)
Turn 465:
> 5itpnj
Grade: 6 cow(s)
Turn 466:
> i5tpnj
Grade: 1 bull(s) and 5 cow(s)
Turn 467:
> t5ipnj
Grade: 6 cow(s)
Turn 468:
> 5tipnj
Grade: 6 cow(s)
Turn 469:
> pti5nj
Grade: 6 cow(s)
Turn 470:
> tpi5nj
Grade: 1 bull(s) and 5 cow(s)
Turn 471:
> ipt5nj
Grade: 2 bull(s) and 4 cow(s)
Turn 472:
> pit5nj
Grade: 6 cow(s)
Turn 473:
> tip5nj
Grade: 6 cow(s)
Turn 474:
> itp5nj
Grade: 1 bull(s) and 5 cow(s)
Turn 475:
> i5ptnj
Grade: 2 bull(s) and 4 cow(s)
Turn 476:
> 5iptnj
Grade: 1 bull(s) and 5 cow(s)
Turn 477:
> pi5tnj
Grade: 1 bull(s) and 5 cow(s)
Turn 478:
> ip5tnj
Grade: 3 bull(s) and 3 cow(s)
Turn 479:
> 5pitnj
Grade: 2 bull(s) and 4 cow(s)
Turn 480:
> p5itnj
Grade: 1 bull(s) and 5 cow(s)
Turn 481:
> p5tinj
Grade: 6 cow(s)
Turn 482:
> 5ptinj
Grade: 1 bull(s) and 5 cow(s)
Turn 483:
> tp5inj
Grade: 1 bull(s) and 5 cow(s)
Turn 484:
> pt5inj
Grade: 6 cow(s)
Turn 485:
> 5tpinj
Grade: 6 cow(s)
Turn 486:
> t5pinj
Grade: 6 cow(s)
Turn 487:
> n5pitj
Grade: 6 cow(s)
Turn 488:
> 5npitj
Grade: 6 cow(s)
Turn 489:
> pn5itj
Grade: 6 cow(s)
Turn 490:
> np5itj
Grade: 1 bull(s) and 5 cow(s)
Turn 491:
> 5pnitj
Grade: 2 bull(s) and 4 cow(s)
Turn 492:
> p5nitj
Grade: 1 bull(s) and 5 cow(s)
Turn 493:
> i5nptj
Grade: 2 bull(s) and 4 cow(s)
Turn 494:
> 5inptj
Grade: 1 bull(s) and 5 cow(s)
Turn 495:
> ni5ptj
Grade: 6 cow(s)
Turn 496:
> in5ptj
Grade: 1 bull(s) and 5 cow(s)
Turn 497:
> 5niptj
Grade: 6 cow(s)
Turn 498:
> n5iptj
Grade: 6 cow(s)
Turn 499:
> npi5tj
Grade: 1 bull(s) and 5 cow(s)
Turn 500:
> pni5tj
Grade: 6 cow(s)
Turn 501:
> inp5tj
Grade: 1 bull(s) and 5 cow(s)
Turn 502:
> nip5tj
Grade: 6 cow(s)
Turn 503:
> pin5tj
Grade: 1 bull(s) and 5 cow(s)
Turn 504:
> ipn5tj
Grade: 3 bull(s) and 3 cow(s)
Turn 505:
> ip5ntj
Grade: 2 bull(s) and 4 cow(s)
Turn 506:
> pi5ntj
Grade: 6 cow(s)
Turn 507:
> 5ipntj
Grade: 6 cow(s)
Turn 508:
> i5pntj
Grade: 1 bull(s) and 5 cow(s)
Turn 509:
> p5intj
Grade: 6 cow(s)
Turn 510:
> 5pintj
Grade: 1 bull(s) and 5 cow(s)
Turn 511:
> 5pijtn
Grade: 1 bull(s) and 5 cow(s)
Turn 512:
> p5ijtn
Grade: 6 cow(s)
Turn 513:
> i5pjtn
Grade: 1 bull(s) and 5 cow(s)
Turn 514:
> 5ipjtn
Grade: 6 cow(s)
Turn 515:
> pi5jtn
Grade: 6 cow(s)
Turn 516:
> ip5jtn
Grade: 2 bull(s) and 4 cow(s)
Turn 517:
> jp5itn
Grade: 1 bull(s) and 5 cow(s)
Turn 518:
> pj5itn
Grade: 6 cow(s)
Turn 519:
> 5jpitn
Grade: 6 cow(s)
Turn 520:
> j5pitn
Grade: 6 cow(s)
Turn 521:
> p5jitn
Grade: 6 cow(s)
Turn 522:
> 5pjitn
Grade: 1 bull(s) and 5 cow(s)
Turn 523:
> 5ijptn
Grade: 6 cow(s)
Turn 524:
> i5jptn
Grade: 1 bull(s) and 5 cow(s)
Turn 525:
> j5iptn
Grade: 6 cow(s)
Turn 526:
> 5jiptn
Grade: 6 cow(s)
Turn 527:
> ij5ptn
Grade: 1 bull(s) and 5 cow(s)
Turn 528:
> ji5ptn
Grade: 6 cow(s)
Turn 529:
> jip5tn
Grade: 6 cow(s)
Turn 530:
> ijp5tn
Grade: 1 bull(s) and 5 cow(s)
Turn 531:
> pji5tn
Grade: 6 cow(s)
Turn 532:
> jpi5tn
Grade: 1 bull(s) and 5 cow(s)
Turn 533:
> ipj5tn
Grade: 2 bull(s) and 4 cow(s)
Turn 534:
> pij5tn
Grade: 6 cow(s)
Turn 535:
> tij5pn
Grade: 6 cow(s)
Turn 536:
> itj5pn
Grade: 1 bull(s) and 5 cow(s)
Turn 537:
> jti5pn
Grade: 6 cow(s)
Turn 538:
> tji5pn
Grade: 6 cow(s)
Turn 539:
> ijt5pn
Grade: 1 bull(s) and 5 cow(s)
Turn 540:
> jit5pn
Grade: 6 cow(s)
Turn 541:
> 5itjpn
Grade: 6 cow(s)
Turn 542:
> i5tjpn
Grade: 1 bull(s) and 5 cow(s)
Turn 543:
> t5ijpn
Grade: 6 cow(s)
Turn 544:
> 5tijpn
Grade: 6 cow(s)
Turn 545:
> it5jpn
Grade: 1 bull(s) and 5 cow(s)
Turn 546:
> ti5jpn
Grade: 6 cow(s)
Turn 547:
> tj5ipn
Grade: 6 cow(s)
Turn 548:
> jt5ipn
Grade: 6 cow(s)
Turn 549:
> 5tjipn
Grade: 6 cow(s)
Turn 550:
> t5jipn
Grade: 6 cow(s)
Turn 551:
> j5tipn
Grade: 6 cow(s)
Turn 552:
> 5jtipn
Grade: 6 cow(s)
Turn 553:
> 5jitpn
Grade: 1 bull(s) and 5 cow(s)
Turn 554:
> j5itpn
Grade: 1 bull(s) and 5 cow(s)
Turn 555:
> i5jtpn
Grade: 2 bull(s) and 4 cow(s)
Turn 556:
> 5ijtpn
Grade: 1 bull(s) and 5 cow(s)
Turn 557:
> ji5tpn
Grade: 1 bull(s) and 5 cow(s)
Turn 558:
> ij5tpn
Grade: 2 bull(s) and 4 cow(s)
Turn 559:
> pj5tin
Grade: 1 bull(s) and 5 cow(s)
Turn 560:
> jp5tin
Grade: 2 bull(s) and 4 cow(s)
Turn 561:
> 5pjtin
Grade: 2 bull(s) and 4 cow(s)
Turn 562:
> p5jtin
Grade: 1 bull(s) and 5 cow(s)
Turn 563:
> j5ptin
Grade: 1 bull(s) and 5 cow(s)
Turn 564:
> 5jptin
Grade: 1 bull(s) and 5 cow(s)
Turn 565:
> tjp5in
Grade: 6 cow(s)
Turn 566:
> jtp5in
Grade: 6 cow(s)
Turn 567:
> ptj5in
Grade: 6 cow(s)
Turn 568:
> tpj5in
Grade: 1 bull(s) and 5 cow(s)
Turn 569:
> jpt5in
Grade: 1 bull(s) and 5 cow(s)
Turn 570:
> pjt5in
Grade: 6 cow(s)
Turn 571:
> p5tjin
Grade: 6 cow(s)
Turn 572:
> 5ptjin
Grade: 1 bull(s) and 5 cow(s)
Turn 573:
> tp5jin
Grade: 1 bull(s) and 5 cow(s)
Turn 574:
> pt5jin
Grade: 6 cow(s)
Turn 575:
> 5tpjin
Grade: 6 cow(s)
Turn 576:
> t5pjin
Grade: 6 cow(s)
Turn 577:
> t5jpin
Grade: 6 cow(s)
Turn 578:
> 5tjpin
Grade: 6 cow(s)
Turn 579:
> jt5pin
Grade: 6 cow(s)
Turn 580:
> tj5pin
Grade: 6 cow(s)
Turn 581:
> 5jtpin
Grade: 6 cow(s)
Turn 582:
> j5tpin
Grade: 6 cow(s)
Turn 583:
> i5tpjn
Grade: 2 bull(s) and 4 cow(s)
Turn 584:
> 5itpjn
Grade: 1 bull(s) and 5 cow(s)
Turn 585:
> ti5pjn
Grade: 1 bull(s) and 5 cow(s)
Turn 586:
> it5pjn
Grade: 2 bull(s) and 4 cow(s)
Turn 587:
> 5tipjn
Grade: 1 bull(s) and 5 cow(s)
Turn 588:
> t5ipjn
Grade: 1 bull(s) and 5 cow(s)
Turn 589:
> p5itjn
Grade: 2 bull(s) and 4 cow(s)
Turn 590:
> 5pitjn
Grade: 3 bull(s) and 3 cow(s)
Turn 591:
> ip5tjn
Grade: 4 bull(s) and 2 cow(s)
Turn 592:
> pi5tjn
Grade: 2 bull(s) and 4 cow(s)
Turn 593:
> 5iptjn
Grade: 2 bull(s) and 4 cow(s)
Turn 594:
> i5ptjn
Grade: 3 bull(s) and 3 cow(s)
Turn 595:
> itp5jn
Grade: 2 bull(s) and 4 cow(s)
Turn 596:
> tip5jn
Grade: 1 bull(s) and 5 cow(s)
Turn 597:
> pit5jn
Grade: 1 bull(s) and 5 cow(s)
Turn 598:
> ipt5jn
Grade: 3 bull(s) and 3 cow(s)
Turn 599:
> tpi5jn
Grade: 2 bull(s) and 4 cow(s)
Turn 600:
> pti5jn
Grade: 1 bull(s) and 5 cow(s)
Turn 601:
> pt5ijn
Grade: 1 bull(s) and 5 cow(s)
Turn 602:
> tp5ijn
Grade: 2 bull(s) and 4 cow(s)
Turn 603:
> 5ptijn
Grade: 2 bull(s) and 4 cow(s)
Turn 604:
> p5tijn
Grade: 1 bull(s) and 5 cow(s)
Turn 605:
> t5pijn
Grade: 1 bull(s) and 5 cow(s)
Turn 606:
> 5tpijn
Grade: 1 bull(s) and 5 cow(s)
Turn 607:
> jtpi5n
Grade: 6 cow(s)
Turn 608:
> tjpi5n
Grade: 6 cow(s)
Turn 609:
> pjti5n
Grade: 6 cow(s)
Turn 610:
> jpti5n
Grade: 1 bull(s) and 5 cow(s)
Turn 611:
> tpji5n
Grade: 1 bull(s) and 5 cow(s)
Turn 612:
> ptji5n
Grade: 6 cow(s)
Turn 613:
> itjp5n
Grade: 1 bull(s) and 5 cow(s)
Turn 614:
> tijp5n
Grade: 6 cow(s)
Turn 615:
> jitp5n
Grade: 6 cow(s)
Turn 616:
> ijtp5n
Grade: 1 bull(s) and 5 cow(s)
Turn 617:
> tjip5n
Grade: 6 cow(s)
Turn 618:
> jtip5n
Grade: 6 cow(s)
Turn 619:
> jpit5n
Grade: 2 bull(s) and 4 cow(s)
Turn 620:
> pjit5n
Grade: 1 bull(s) and 5 cow(s)
Turn 621:
> ijpt5n
Grade: 2 bull(s) and 4 cow(s)
Turn 622:
> jipt5n
Grade: 1 bull(s) and 5 cow(s)
Turn 623:
> pijt5n
Grade: 1 bull(s) and 5 cow(s)
Turn 624:
> ipjt5n
Grade: 3 bull(s) and 3 cow(s)
Turn 625:
> iptj5n
Grade: 2 bull(s) and 4 cow(s)
Turn 626:
> pitj5n
Grade: 6 cow(s)
Turn 627:
> tipj5n
Grade: 6 cow(s)
Turn 628:
> itpj5n
Grade: 1 bull(s) and 5 cow(s)
Turn 629:
> ptij5n
Grade: 6 cow(s)
Turn 630:
> tpij5n
Grade: 1 bull(s) and 5 cow(s)
Turn 631:
> tpijn5
Grade: 2 bull(s) and 4 cow(s)
Turn 632:
> ptijn5
Grade: 1 bull(s) and 5 cow(s)
Turn 633:
> itpjn5
Grade: 2 bull(s) and 4 cow(s)
Turn 634:
> tipjn5
Grade: 1 bull(s) and 5 cow(s)
Turn 635:
> pitjn5
Grade: 1 bull(s) and 5 cow(s)
Turn 636:
> iptjn5
Grade: 3 bull(s) and 3 cow(s)
Turn 637:
> jptin5
Grade: 2 bull(s) and 4 cow(s)
Turn 638:
> pjtin5
Grade: 1 bull(s) and 5 cow(s)
Turn 639:
> tjpin5
Grade: 1 bull(s) and 5 cow(s)
Turn 640:
> jtpin5
Grade: 1 bull(s) and 5 cow(s)
Turn 641:
> ptjin5
Grade: 1 bull(s) and 5 cow(s)
Turn 642:
> tpjin5
Grade: 2 bull(s) and 4 cow(s)
Turn 643:
> tijpn5
Grade: 1 bull(s) and 5 cow(s)
Turn 644:
> itjpn5
Grade: 2 bull(s) and 4 cow(s)
Turn 645:
> jtipn5
Grade: 1 bull(s) and 5 cow(s)
Turn 646:
> tjipn5
Grade: 1 bull(s) and 5 cow(s)
Turn 647:
> ijtpn5
Grade: 2 bull(s) and 4 cow(s)
Turn 648:
> jitpn5
Grade: 1 bull(s) and 5 cow(s)
Turn 649:
> jiptn5
Grade: 2 bull(s) and 4 cow(s)
Turn 650:
> ijptn5
Grade: 3 bull(s) and 3 cow(s)
Turn 651:
> pjitn5
Grade: 2 bull(s) and 4 cow(s)
Turn 652:
> jpitn5
Grade: 3 bull(s) and 3 cow(s)
Turn 653:
> ipjtn5
Grade: 4 bull(s) and 2 cow(s)
Turn 654:
> pijtn5
Grade: 2 bull(s) and 4 cow(s)
Turn 655:
> nijtp5
Grade: 2 bull(s) and 4 cow(s)
Turn 656:
> injtp5
Grade: 3 bull(s) and 3 cow(s)
Turn 657:
> jnitp5
Grade: 2 bull(s) and 4 cow(s)
Turn 658:
> njitp5
Grade: 2 bull(s) and 4 cow(s)
Turn 659:
> ijntp5
Grade: 4 bull(s) and 2 cow(s)
Turn 660:
> jintp5
Grade: 3 bull(s) and 3 cow(s)
Turn 661:
> tinjp5
Grade: 2 bull(s) and 4 cow(s)
Turn 662:
> itnjp5
Grade: 3 bull(s) and 3 cow(s)
Turn 663:
> ntijp5
Grade: 1 bull(s) and 5 cow(s)
Turn 664:
> tnijp5
Grade: 1 bull(s) and 5 cow(s)
Turn 665:
> intjp5
Grade: 2 bull(s) and 4 cow(s)
Turn 666:
> nitjp5
Grade: 1 bull(s) and 5 cow(s)
Turn 667:
> njtip5
Grade: 1 bull(s) and 5 cow(s)
Turn 668:
> jntip5
Grade: 1 bull(s) and 5 cow(s)
Turn 669:
> tnjip5
Grade: 1 bull(s) and 5 cow(s)
Turn 670:
> ntjip5
Grade: 1 bull(s) and 5 cow(s)
Turn 671:
> jtnip5
Grade: 2 bull(s) and 4 cow(s)
Turn 672:
> tjnip5
Grade: 2 bull(s) and 4 cow(s)
Turn 673:
> tjinp5
Grade: 1 bull(s) and 5 cow(s)
Turn 674:
> jtinp5
Grade: 1 bull(s) and 5 cow(s)
Turn 675:
> itjnp5
Grade: 2 bull(s) and 4 cow(s)
Turn 676:
> tijnp5
Grade: 1 bull(s) and 5 cow(s)
Turn 677:
> jitnp5
Grade: 1 bull(s) and 5 cow(s)
Turn 678:
> ijtnp5
Grade: 2 bull(s) and 4 cow(s)
Turn 679:
> pjtni5
Grade: 1 bull(s) and 5 cow(s)
Turn 680:
> jptni5
Grade: 2 bull(s) and 4 cow(s)
Turn 681:
> tpjni5
Grade: 2 bull(s) and 4 cow(s)
Turn 682:
> ptjni5
Grade: 1 bull(s) and 5 cow(s)
Turn 683:
> jtpni5
Grade: 1 bull(s) and 5 cow(s)
Turn 684:
> tjpni5
Grade: 1 bull(s) and 5 cow(s)
Turn 685:
> njpti5
Grade: 2 bull(s) and 4 cow(s)
Turn 686:
> jnpti5
Grade: 2 bull(s) and 4 cow(s)
Turn 687:
> pnjti5
Grade: 2 bull(s) and 4 cow(s)
Turn 688:
> npjti5
Grade: 3 bull(s) and 3 cow(s)
Turn 689:
> jpnti5
Grade: 4 bull(s) and 2 cow(s)
Turn 690:
> pjnti5
Grade: 3 bull(s) and 3 cow(s)
Turn 691:
> ptnji5
Grade: 2 bull(s) and 4 cow(s)
Turn 692:
> tpnji5
Grade: 3 bull(s) and 3 cow(s)
Turn 693:
> nptji5
Grade: 2 bull(s) and 4 cow(s)
Turn 694:
> pntji5
Grade: 1 bull(s) and 5 cow(s)
Turn 695:
> tnpji5
Grade: 1 bull(s) and 5 cow(s)
Turn 696:
> ntpji5
Grade: 1 bull(s) and 5 cow(s)
Turn 697:
> ntjpi5
Grade: 1 bull(s) and 5 cow(s)
Turn 698:
> tnjpi5
Grade: 1 bull(s) and 5 cow(s)
Turn 699:
> jntpi5
Grade: 1 bull(s) and 5 cow(s)
Turn 700:
> njtpi5
Grade: 1 bull(s) and 5 cow(s)
Turn 701:
> tjnpi5
Grade: 2 bull(s) and 4 cow(s)
Turn 702:
> jtnpi5
Grade: 2 bull(s) and 4 cow(s)
Turn 703:
> itnpj5
Grade: 4 bull(s) and 2 cow(s)
Turn 704:
> tinpj5
Grade: 3 bull(s) and 3 cow(s)
Turn 705:
> nitpj5
Grade: 2 bull(s) and 4 cow(s)
Turn 706:
> intpj5
Grade: 3 bull(s) and 3 cow(s)
Turn 707:
> tnipj5
Grade: 2 bull(s) and 4 cow(s)
Turn 708:
> ntipj5
Grade: 2 bull(s) and 4 cow(s)
Turn 709:
> ptinj5
Grade: 2 bull(s) and 4 cow(s)
Turn 710:
> tpinj5
Grade: 3 bull(s) and 3 cow(s)
Turn 711:
> iptnj5
Grade: 4 bull(s) and 2 cow(s)
Turn 712:
> pitnj5
Grade: 2 bull(s) and 4 cow(s)
Turn 713:
> tipnj5
Grade: 2 bull(s) and 4 cow(s)
Turn 714:
> itpnj5
Grade: 3 bull(s) and 3 cow(s)
Turn 715:
> inptj5
Grade: 4 bull(s) and 2 cow(s)
Turn 716:
> niptj5
Grade: 3 bull(s) and 3 cow(s)
Turn 717:
> pintj5
Grade: 4 bull(s) and 2 cow(s)
Turn 718:
> ipntj5
Grade: 6 bull(s)
Congratulations! You guessed the secret code.
?[1;31m
Start test 7?[0m
Input the length of the secret code:
> 0
Error: secret length cannot be less than 1
?[1;31m
Start test 8?[0m
Input the length of the secret code:
> 10
Input the number of possible symbols in the code:
> 9
Error: it's not possible to generate a code with a length of 10 with 9 unique symbols.
?[1;31m
Start test 9?[0m
Input the length of the secret code:
> 9
Input the number of possible symbols in the code:
> 37
Error: maximum number of possible symbols in the code is 36 (0-9, a-z).
?[1;31m
Start test 10?[0m
Input the length of the secret code:
> abcdefg 1 -6
Error: abcdefg isn't a valid number.
]]></system-out>
  <system-err><![CDATA[]]></system-err>
</testsuite>
