<?xml version="1.0" encoding="UTF-8"?>
<testsuite name="BullsCowsTest" tests="1" skipped="0" failures="0" errors="0" timestamp="2023-06-13T14:44:25" hostname="DESKTOP-ONB4EAO" time="0.185">
  <properties/>
  <testcase name="start" classname="BullsCowsTest" time="0.185"/>
  <system-out><![CDATA[?[1;31m
Start test 1?[0m
> 3601
Grade: 1 cow(s). The secret code is 5345.
?[1;31m
Start test 2?[0m
> 5345
Grade :1 bull(s). The secret code is 1319.
?[1;31m
Start test 3?[0m
> 2456
Grade :1 bull(s). The secret code is 2099.
]]></system-out>
  <system-err><![CDATA[]]></system-err>
</testsuite>
